"C:/CustomOverwatch/Content/Aleksander/galaxy.uasset" 0
"C:/CustomOverwatch/Content/Aleksander/TheHand.uasset" 1
"C:/CustomOverwatch/Content/CustomModel/fps_model_Skeleton.uasset" 2
"C:/CustomOverwatch/Content/CustomModel/fps_model_Anim_root_AthenaAttack.uasset" 3
"C:/CustomOverwatch/Content/CustomModel/fps_model_Anim_root_AthenaIdle.uasset" 4
"C:/CustomOverwatch/Content/CustomModel/fps_model_Anim_root_LanAttack.uasset" 5
"C:/CustomOverwatch/Content/CustomModel/fps_model_Anim_root_LanIdle.uasset" 6
"C:/CustomOverwatch/Content/CustomModel/fps_model_root_LanAttack.uasset" 7
"C:/CustomOverwatch/Content/CustomModel/fps_model_root_LanIdle.uasset" 8
"C:/CustomOverwatch/Content/CustomModel/Fuckery/fps_model_root_AthenaE.uasset" 9
"C:/CustomOverwatch/Content/FirstPerson/Character/Mesh/SK_Mannequin_Arms_Skeleton.uasset" 10
"C:/CustomOverwatch/Content/FirstPerson/Animations/FirstPerson_Fire.uasset" 11
"C:/CustomOverwatch/Content/FirstPerson/Animations/FirstPersonFire_Montage.uasset" 12
"C:/CustomOverwatch/Content/FirstPerson/Character/Textures/UE4_LOGO_CARD.uasset" 13
"C:/CustomOverwatch/Content/FirstPerson/FPWeapon/Materials/MaterialLayers/ML_Plastic_Shiny_Beige_LOGO.uasset" 14
"C:/CustomOverwatch/Content/FirstPerson/FPWeapon/Materials/MaterialLayers/T_ML_FineRubber.uasset" 15
"C:/CustomOverwatch/Content/FirstPerson/FPWeapon/Mesh/SK_FPGun_PhysicsAsset.uasset" 16
"C:/CustomOverwatch/Content/FirstPerson/Meshes/BaseMaterial.uasset" 17
"C:/CustomOverwatch/Content/FirstPerson/Meshes/CubeMaterialOverride.uasset" 18
"C:/CustomOverwatch/Content/FirstPerson/Meshes/FirstPersonProjectileMaterial.uasset" 19
"C:/CustomOverwatch/Content/FirstPerson/Meshes/FirstPersonProjectileMesh.uasset" 20
"C:/CustomOverwatch/Content/Geometry/Meshes/CubeMaterial.uasset" 21
"C:/CustomOverwatch/Content/Geometry/Meshes/1M_Cube.uasset" 22
"C:/CustomOverwatch/Content/Geometry/Meshes/1M_Cube_Chamfer.uasset" 23
"C:/CustomOverwatch/Content/Geometry/Meshes/TemplateFloor.uasset" 24
"../../../Engine/Content/EngineMeshes/Humanoid.uasset" 25
"C:/CustomOverwatch/Content/InfinityBladeWarriors/Character/CompleteCharacters/SK_Mannequin_Skeleton.uasset" 26
"C:/CustomOverwatch/Content/Goblin/ThirdPerson_Jump.uasset" 27
"C:/CustomOverwatch/Content/Goblin/ThirdPersonJump_Loop.uasset" 28
"C:/CustomOverwatch/Content/Goblin/ThirdPersonJump_Start.uasset" 29
"C:/CustomOverwatch/Content/Goblin/ThirdPersonIdle.uasset" 30
"C:/CustomOverwatch/Content/Goblin/ThirdPersonRun.uasset" 31
"C:/CustomOverwatch/Content/Goblin/ThirdPersonWalk.uasset" 32
"C:/CustomOverwatch/Content/Goblin/ThirdPerson_IdleRun_2D.uasset" 33
"../../../Engine/Content/EditorBlueprintResources/StandardMacros.uasset" 34
"C:/CustomOverwatch/Content/Goblin/ThirdPerson_AnimBP.uasset" 35
"C:/CustomOverwatch/Content/InfinityBladeGrassLands/Maps/LevelContent/Architecture/T_MeterGrid_01_M.uasset" 36
"C:/CustomOverwatch/Content/InfinityBladeGrassLands/Maps/LevelContent/Architecture/M_1Meter_01.uasset" 37
"C:/CustomOverwatch/Content/InfinityBladeGrassLands/Maps/LevelContent/Architecture/SM_1Meter_01.uasset" 38
"C:/CustomOverwatch/Content/InfinityBladeGrassLands/Maps/LevelContent/ElvenRuins_sharedassets/Dirt_LayerInfo.uasset" 39
"C:/CustomOverwatch/Content/InfinityBladeGrassLands/Maps/LevelContent/ElvenRuins_sharedassets/Grass_LayerInfo.uasset" 40
"C:/CustomOverwatch/Content/InfinityBladeGrassLands/Maps/LevelContent/ElvenRuins_sharedassets/Path_LayerInfo.uasset" 41
"C:/CustomOverwatch/Content/InfinityBladeGrassLands/Maps/LevelContent/ElvenRuins_sharedassets/Road_LayerInfo.uasset" 42
"C:/CustomOverwatch/Content/InfinityBladeWarriors/Character/CompleteCharacters/Textures_Materials/CharM_Barbarous/T_CharM_Barbarous_D.uasset" 43
"C:/CustomOverwatch/Content/InfinityBladeWarriors/Character/CompleteCharacters/Textures_Materials/CharM_Barbarous/T_CharM_Barbarous_MetalMask.uasset" 44
"C:/CustomOverwatch/Content/InfinityBladeWarriors/Character/CompleteCharacters/Textures_Materials/CharM_Barbarous/T_CharM_Barbarous_N.uasset" 45
"C:/CustomOverwatch/Content/InfinityBladeWarriors/Character/CompleteCharacters/Textures_Materials/CharM_Barbarous/M_Char_Barbrous.uasset" 46
"C:/CustomOverwatch/Content/InfinityBladeWarriors/Character/CompleteCharacters/SK_CharM_Barbarous.uasset" 47
"C:/CustomOverwatch/Content/InfinityBladeWarriors/Character/CompleteCharacters/Textures_Materials/CharM_Base/T_CharM_Base_D.uasset" 48
"C:/CustomOverwatch/Content/InfinityBladeWarriors/Character/CompleteCharacters/Textures_Materials/CharM_Base/T_CharM_Base_M.uasset" 49
"C:/CustomOverwatch/Content/InfinityBladeWarriors/Character/CompleteCharacters/Textures_Materials/CharM_Base/T_CharM_Base_N.uasset" 50
"C:/CustomOverwatch/Content/InfinityBladeWarriors/Character/CompleteCharacters/Textures_Materials/CharM_Base/M_CharM_Base.uasset" 51
"C:/CustomOverwatch/Content/InfinityBladeWarriors/Character/CompleteCharacters/sk_CharM_Base.uasset" 52
"C:/CustomOverwatch/Content/InfinityBladeWarriors/Character/CompleteCharacters/Textures_Materials/CharM_Bladed/T_CharM_Bladed_D.uasset" 53
"C:/CustomOverwatch/Content/InfinityBladeWarriors/Character/CompleteCharacters/Textures_Materials/CharM_Bladed/T_CharM_Bladed_MetalMask1.uasset" 54
"C:/CustomOverwatch/Content/InfinityBladeWarriors/Character/CompleteCharacters/Textures_Materials/CharM_Bladed/T_CharM_Bladed_N.uasset" 55
"C:/CustomOverwatch/Content/InfinityBladeWarriors/Character/CompleteCharacters/Textures_Materials/CharM_Bladed/M_CharM_Bladed.uasset" 56
"C:/CustomOverwatch/Content/InfinityBladeWarriors/Character/CompleteCharacters/SK_CharM_Bladed.uasset" 57
"C:/CustomOverwatch/Content/InfinityBladeWarriors/Character/CompleteCharacters/Textures_Materials/CharM_Cardboard/Char_M_Cardboard_D.uasset" 58
"C:/CustomOverwatch/Content/InfinityBladeWarriors/Character/CompleteCharacters/Textures_Materials/CharM_Cardboard/Char_M_Cardboard_N.uasset" 59
"C:/CustomOverwatch/Content/InfinityBladeWarriors/Character/CompleteCharacters/Textures_Materials/CharM_Cardboard/Char_M_Cardboard_Skin_Mask.uasset" 60
"C:/CustomOverwatch/Content/InfinityBladeWarriors/Character/CompleteCharacters/Textures_Materials/CharM_Cardboard/M_Char_Cardboard.uasset" 61
"C:/CustomOverwatch/Content/InfinityBladeWarriors/Character/CompleteCharacters/SK_CharM_Cardboard.uasset" 62
"C:/CustomOverwatch/Content/InfinityBladeWarriors/Character/CompleteCharacters/Textures_Materials/CharM_Forge/CharM_Forge_D.uasset" 63
"C:/CustomOverwatch/Content/InfinityBladeWarriors/Character/CompleteCharacters/Textures_Materials/CharM_Forge/CharM_Forge_MetalMask.uasset" 64
"C:/CustomOverwatch/Content/InfinityBladeWarriors/Character/CompleteCharacters/Textures_Materials/CharM_Forge/CharM_Forge_N.uasset" 65
"C:/CustomOverwatch/Content/InfinityBladeWarriors/Character/CompleteCharacters/Textures_Materials/CharM_Forge/M_Char_Forge.uasset" 66
"C:/CustomOverwatch/Content/InfinityBladeWarriors/Character/CompleteCharacters/SK_CharM_Forge.uasset" 67
"C:/CustomOverwatch/Content/InfinityBladeWarriors/Character/CompleteCharacters/Textures_Materials/CharM_FrostGiant/T_Char_M_FrostGiant_D.uasset" 68
"C:/CustomOverwatch/Content/InfinityBladeWarriors/Character/CompleteCharacters/Textures_Materials/CharM_FrostGiant/T_Char_M_FrostGiant_Masks.uasset" 69
"C:/CustomOverwatch/Content/InfinityBladeWarriors/Character/CompleteCharacters/Textures_Materials/CharM_FrostGiant/T_Char_M_FrostGiant_MaterialMask.uasset" 70
"C:/CustomOverwatch/Content/InfinityBladeWarriors/Character/CompleteCharacters/Textures_Materials/CharM_FrostGiant/T_Char_M_FrostGiant_N.uasset" 71
"C:/CustomOverwatch/Content/InfinityBladeWarriors/Character/CompleteCharacters/Textures_Materials/CharM_FrostGiant/M_Char_FrostGiant.uasset" 72
"C:/CustomOverwatch/Content/InfinityBladeWarriors/Character/CompleteCharacters/SK_CharM_FrostGiant.uasset" 73
"C:/CustomOverwatch/Content/InfinityBladeWarriors/Character/CompleteCharacters/Textures_Materials/CharM_Golden/T_CharM_Golden_D.uasset" 74
"C:/CustomOverwatch/Content/InfinityBladeWarriors/Character/CompleteCharacters/Textures_Materials/CharM_Golden/T_CharM_Golden_Mask.uasset" 75
"C:/CustomOverwatch/Content/InfinityBladeWarriors/Character/CompleteCharacters/Textures_Materials/CharM_Golden/T_CharM_Golden_N.uasset" 76
"C:/CustomOverwatch/Content/InfinityBladeWarriors/Character/CompleteCharacters/Textures_Materials/CharM_Golden/M_Char_Golden.uasset" 77
"C:/CustomOverwatch/Content/InfinityBladeWarriors/Character/CompleteCharacters/SK_CharM_Golden.uasset" 78
"C:/CustomOverwatch/Content/InfinityBladeWarriors/Character/CompleteCharacters/Textures_Materials/CharM_Natural/T_CharM_Natural_D.uasset" 79
"C:/CustomOverwatch/Content/InfinityBladeWarriors/Character/CompleteCharacters/Textures_Materials/CharM_Natural/T_CharM_Natural_Mask.uasset" 80
"C:/CustomOverwatch/Content/InfinityBladeWarriors/Character/CompleteCharacters/Textures_Materials/CharM_Natural/T_CharM_Natural_N.uasset" 81
"C:/CustomOverwatch/Content/InfinityBladeWarriors/Character/CompleteCharacters/Textures_Materials/CharM_Natural/M_Char_Natural.uasset" 82
"C:/CustomOverwatch/Content/InfinityBladeWarriors/Character/CompleteCharacters/SK_CharM_Natural.uasset" 83
"C:/CustomOverwatch/Content/InfinityBladeWarriors/Character/CompleteCharacters/Textures_Materials/CharM_Pit/T_CharM_Pit_D.uasset" 84
"C:/CustomOverwatch/Content/InfinityBladeWarriors/Character/CompleteCharacters/Textures_Materials/CharM_Pit/T_CharM_Pit_Mask.uasset" 85
"C:/CustomOverwatch/Content/InfinityBladeWarriors/Character/CompleteCharacters/Textures_Materials/CharM_Pit/T_CharM_Pit_N.uasset" 86
"C:/CustomOverwatch/Content/InfinityBladeWarriors/Character/CompleteCharacters/Textures_Materials/CharM_Pit/M_Char_Pit.uasset" 87
"C:/CustomOverwatch/Content/InfinityBladeWarriors/Character/CompleteCharacters/SK_CharM_Pit.uasset" 88
"C:/CustomOverwatch/Content/InfinityBladeWarriors/Character/CompleteCharacters/Textures_Materials/CharM_Ragged/T_CharM_Ragged_D.uasset" 89
"C:/CustomOverwatch/Content/InfinityBladeWarriors/Character/CompleteCharacters/Textures_Materials/CharM_Ragged/T_CharM_Ragged_Elite_Mask.uasset" 90
"C:/CustomOverwatch/Content/InfinityBladeWarriors/Character/CompleteCharacters/Textures_Materials/CharM_Ragged/T_CharM_Ragged_N.uasset" 91
"C:/CustomOverwatch/Content/InfinityBladeWarriors/Character/CompleteCharacters/Textures_Materials/CharM_Ragged/M_Char_Ragged.uasset" 92
"C:/CustomOverwatch/Content/InfinityBladeWarriors/Character/CompleteCharacters/SK_CharM_Ragged0.uasset" 93
"C:/CustomOverwatch/Content/InfinityBladeWarriors/Character/CompleteCharacters/Textures_Materials/CharM_Ragged/T_CharM_Ragged_Elite.uasset" 94
"C:/CustomOverwatch/Content/InfinityBladeWarriors/Character/CompleteCharacters/Textures_Materials/CharM_Ragged/M_Char_RaggedElite.uasset" 95
"C:/CustomOverwatch/Content/InfinityBladeWarriors/Character/CompleteCharacters/SK_CharM_RaggedElite.uasset" 96
"../../../Engine/Content/Functions/Engine_MaterialFunctions02/ExampleContent/Textures/LowResBlurredNoise.uasset" 97
"C:/CustomOverwatch/Content/InfinityBladeWarriors/Character/CompleteCharacters/Textures_Materials/CharM_Ram/T_CharM_Ram_B_D.uasset" 98
"C:/CustomOverwatch/Content/InfinityBladeWarriors/Character/CompleteCharacters/Textures_Materials/CharM_Ram/T_CharM_Ram_B_Mask.uasset" 99
"C:/CustomOverwatch/Content/InfinityBladeWarriors/Character/CompleteCharacters/Textures_Materials/CharM_Ram/T_CharM_Ram_N.uasset" 100
"C:/CustomOverwatch/Content/InfinityBladeWarriors/Character/CompleteCharacters/Textures_Materials/CharM_Ram/M_Char_Ram.uasset" 101
"C:/CustomOverwatch/Content/InfinityBladeWarriors/Character/CompleteCharacters/SK_CharM_Ram.uasset" 102
"C:/CustomOverwatch/Content/InfinityBladeWarriors/Character/CompleteCharacters/Textures_Materials/CharM_Robo/T_CharM_Robo_D.uasset" 103
"C:/CustomOverwatch/Content/InfinityBladeWarriors/Character/CompleteCharacters/Textures_Materials/CharM_Robo/T_CharM_Robo_Mask.uasset" 104
"C:/CustomOverwatch/Content/InfinityBladeWarriors/Character/CompleteCharacters/Textures_Materials/CharM_Robo/T_CharM_Robo_N.uasset" 105
"C:/CustomOverwatch/Content/InfinityBladeWarriors/Character/CompleteCharacters/Textures_Materials/CharM_Robo/M_Char_Robo.uasset" 106
"C:/CustomOverwatch/Content/InfinityBladeWarriors/Character/CompleteCharacters/SK_CharM_Robo.uasset" 107
"C:/CustomOverwatch/Content/InfinityBladeWarriors/Character/CompleteCharacters/Textures_Materials/CharM_Shell/T_CharM_Shell_D.uasset" 108
"C:/CustomOverwatch/Content/InfinityBladeWarriors/Character/CompleteCharacters/Textures_Materials/CharM_Shell/T_CharM_Shell_Mask.uasset" 109
"C:/CustomOverwatch/Content/InfinityBladeWarriors/Character/CompleteCharacters/Textures_Materials/CharM_Shell/T_CharM_Shell_N.uasset" 110
"C:/CustomOverwatch/Content/InfinityBladeWarriors/Character/CompleteCharacters/Textures_Materials/CharM_Shell/M_Char_Shell.uasset" 111
"C:/CustomOverwatch/Content/InfinityBladeWarriors/Character/CompleteCharacters/SK_CharM_Shell.uasset" 112
"C:/CustomOverwatch/Content/InfinityBladeWarriors/Character/CompleteCharacters/Textures_Materials/CharM_solid/T_CharM_solid_D.uasset" 113
"C:/CustomOverwatch/Content/InfinityBladeWarriors/Character/CompleteCharacters/Textures_Materials/CharM_solid/T_CharM_solid_Mask.uasset" 114
"C:/CustomOverwatch/Content/InfinityBladeWarriors/Character/CompleteCharacters/Textures_Materials/CharM_solid/T_CharM_solid_N.uasset" 115
"C:/CustomOverwatch/Content/InfinityBladeWarriors/Character/CompleteCharacters/Textures_Materials/CharM_solid/M_Char_Solid.uasset" 116
"C:/CustomOverwatch/Content/InfinityBladeWarriors/Character/CompleteCharacters/SK_CharM_solid.uasset" 117
"C:/CustomOverwatch/Content/InfinityBladeWarriors/Character/CompleteCharacters/Textures_Materials/CharM_Standard/T_CharM_Standard_D.uasset" 118
"C:/CustomOverwatch/Content/InfinityBladeWarriors/Character/CompleteCharacters/Textures_Materials/CharM_Standard/T_CharM_Standard_Mask.uasset" 119
"C:/CustomOverwatch/Content/InfinityBladeWarriors/Character/CompleteCharacters/Textures_Materials/CharM_Standard/T_CharM_Standard_N.uasset" 120
"C:/CustomOverwatch/Content/InfinityBladeWarriors/Character/CompleteCharacters/Textures_Materials/CharM_Standard/M_Char_Standard.uasset" 121
"C:/CustomOverwatch/Content/InfinityBladeWarriors/Character/CompleteCharacters/SK_CharM_Standard.uasset" 122
"C:/CustomOverwatch/Content/InfinityBladeWarriors/Character/CompleteCharacters/Textures_Materials/CharM_Tusk/T_CharM_Tusk_D.uasset" 123
"C:/CustomOverwatch/Content/InfinityBladeWarriors/Character/CompleteCharacters/Textures_Materials/CharM_Tusk/T_CharM_Tusk_E.uasset" 124
"C:/CustomOverwatch/Content/InfinityBladeWarriors/Character/CompleteCharacters/Textures_Materials/CharM_Tusk/T_CharM_Tusk_Mask.uasset" 125
"C:/CustomOverwatch/Content/InfinityBladeWarriors/Character/CompleteCharacters/Textures_Materials/CharM_Tusk/T_CharM_Tusk_N.uasset" 126
"C:/CustomOverwatch/Content/InfinityBladeWarriors/Character/CompleteCharacters/Textures_Materials/CharM_Tusk/M_Char_Tusk.uasset" 127
"C:/CustomOverwatch/Content/InfinityBladeWarriors/Character/CompleteCharacters/SK_CharM_Tusk.uasset" 128
"C:/CustomOverwatch/Content/InfinityBladeWarriors/Character/CompleteCharacters/Textures_Materials/CharM_Warrior/T_CharM_Warrior_JewelMask.uasset" 129
"C:/CustomOverwatch/Content/InfinityBladeWarriors/Character/CompleteCharacters/Textures_Materials/CharM_Warrior/T_CharM_Warrior_N.uasset" 130
"C:/CustomOverwatch/Content/InfinityBladeWarriors/Character/CompleteCharacters/Textures_Materials/CharM_Warrior/T_CharM_WarriorB_D.uasset" 131
"C:/CustomOverwatch/Content/InfinityBladeWarriors/Character/CompleteCharacters/Textures_Materials/CharM_Warrior/T_CharM_WarriorB_Mask.uasset" 132
"C:/CustomOverwatch/Content/InfinityBladeWarriors/Character/CompleteCharacters/Textures_Materials/CharM_Warrior/M_Char_Warrior_B.uasset" 133
"C:/CustomOverwatch/Content/InfinityBladeWarriors/Character/CompleteCharacters/SK_CharM_Warrior.uasset" 134
"C:/CustomOverwatch/Content/InfinityBladeWarriors/Character/CompleteCharacters/Textures_Materials/CharM_Barbarous/T_CharM_BarbarousElite_D.uasset" 135
"C:/CustomOverwatch/Content/InfinityBladeWarriors/Character/CompleteCharacters/Textures_Materials/CharM_Barbarous/M_Char_Barbarous_Elite.uasset" 136
"C:/CustomOverwatch/Content/InfinityBladeWarriors/Character/CompleteCharacters/Textures_Materials/CharM_Barbarous/SK_CharM_Barbarous_Skeleton.uasset" 137
"C:/CustomOverwatch/Content/InfinityBladeWarriors/Character/CompleteCharacters/Textures_Materials/CharM_Base/T_CharM_Base_D_MetalMask.uasset" 138
"C:/CustomOverwatch/Content/InfinityBladeWarriors/Character/CompleteCharacters/Textures_Materials/CharM_Bladed/T_CharM_Bladed_Elite_D.uasset" 139
"C:/CustomOverwatch/Content/InfinityBladeWarriors/Character/CompleteCharacters/Textures_Materials/CharM_Natural/T_CharM_NaturalElite_D.uasset" 140
"C:/CustomOverwatch/Content/InfinityBladeWarriors/Character/CompleteCharacters/Textures_Materials/CharM_Natural/T_CharM_NaturalElite_Mask.uasset" 141
"C:/CustomOverwatch/Content/InfinityBladeWarriors/Character/CompleteCharacters/Textures_Materials/CharM_Natural/T_CharM_NaturalElite_N.uasset" 142
"C:/CustomOverwatch/Content/InfinityBladeWarriors/Character/CompleteCharacters/Textures_Materials/CharM_Pit/T_CharM_Trench_D.uasset" 143
"C:/CustomOverwatch/Content/InfinityBladeWarriors/Character/CompleteCharacters/Textures_Materials/CharM_Pit/M_Char_Pit2.uasset" 144
"C:/CustomOverwatch/Content/InfinityBladeWarriors/Character/CompleteCharacters/Textures_Materials/CharM_Pit/T_CharM_Pit3_D.uasset" 145
"C:/CustomOverwatch/Content/InfinityBladeWarriors/Character/CompleteCharacters/Textures_Materials/CharM_Pit/M_Char_Pit3.uasset" 146
"C:/CustomOverwatch/Content/InfinityBladeWarriors/Character/CompleteCharacters/Textures_Materials/CharM_Pit/T_CharM_Gorge_D.uasset" 147
"C:/CustomOverwatch/Content/InfinityBladeWarriors/Character/CompleteCharacters/Textures_Materials/CharM_Ram/T_CharM_Ram_C_D.uasset" 148
"C:/CustomOverwatch/Content/InfinityBladeWarriors/Character/CompleteCharacters/Textures_Materials/CharM_Ram/T_CharM_Ram_D.uasset" 149
"C:/CustomOverwatch/Content/InfinityBladeWarriors/Character/CompleteCharacters/Textures_Materials/CharM_Shell/T_CharM_ShellB_D.uasset" 150
"C:/CustomOverwatch/Content/InfinityBladeWarriors/Character/CompleteCharacters/Textures_Materials/CharM_Shell/T_CharM_Shell_C.uasset" 151
"C:/CustomOverwatch/Content/InfinityBladeWarriors/Character/CompleteCharacters/Textures_Materials/CharM_solid/M_CharM_Solid_Alternate.uasset" 152
"C:/CustomOverwatch/Content/InfinityBladeWarriors/Character/CompleteCharacters/Textures_Materials/CharM_solid/T_CharM_Solid_Alt.uasset" 153
"C:/CustomOverwatch/Content/InfinityBladeWarriors/Character/CompleteCharacters/Textures_Materials/CharM_solid/T_CharM_Solid_Alternate.uasset" 154
"C:/CustomOverwatch/Content/InfinityBladeWarriors/Character/CompleteCharacters/Textures_Materials/CharM_solid/T_CharM_Solid_Alt_Mask.uasset" 155
"C:/CustomOverwatch/Content/InfinityBladeWarriors/Character/CompleteCharacters/Textures_Materials/CharM_Standard/T_CharM_Standard_Elite_D.uasset" 156
"C:/CustomOverwatch/Content/InfinityBladeWarriors/Character/CompleteCharacters/Textures_Materials/CharM_Standard/M_Char_Standard_Elite.uasset" 157
"C:/CustomOverwatch/Content/InfinityBladeWarriors/Character/CompleteCharacters/Textures_Materials/CharM_Tusk/T_CharM_Horn_D.uasset" 158
"C:/CustomOverwatch/Content/InfinityBladeWarriors/Character/CompleteCharacters/Textures_Materials/CharM_Tusk/M_Char_Horn.uasset" 159
"C:/CustomOverwatch/Content/InfinityBladeWarriors/Character/CompleteCharacters/Textures_Materials/CharM_Tusk/T_CharM_Talon_D.uasset" 160
"C:/CustomOverwatch/Content/InfinityBladeWarriors/Character/CompleteCharacters/Textures_Materials/CharM_Tusk/M_Char_Talon.uasset" 161
"C:/CustomOverwatch/Content/InfinityBladeWarriors/Character/CompleteCharacters/Textures_Materials/CharM_Warrior/T_CharM_Warrior_D.uasset" 162
"C:/CustomOverwatch/Content/InfinityBladeWarriors/Character/CompleteCharacters/Textures_Materials/CharM_Warrior/M_Char_Warrior.uasset" 163
"C:/CustomOverwatch/Content/InfinityBladeWarriors/Character/CompleteCharacters/Textures_Materials/CharM_Warrior/T_CharM_Warrior_Emissive.uasset" 164
"../../../Engine/Content/Functions/Engine_MaterialFunctions01/Gradient/RadialGradient.uasset" 165
"C:/CustomOverwatch/Content/StarterContent/Particles/Materials/M_Radial_Gradient.uasset" 166
"C:/CustomOverwatch/Content/StarterContent/Textures/T_Smoke_SubUV.uasset" 167
"C:/CustomOverwatch/Content/StarterContent/Textures/T_Smoke_Tiled_D.uasset" 168
"C:/CustomOverwatch/Content/StarterContent/Particles/Materials/M_smoke_subUV.uasset" 169
"C:/CustomOverwatch/Content/StarterContent/Textures/T_Spark_Core.uasset" 170
"C:/CustomOverwatch/Content/StarterContent/Particles/Materials/M_Spark.uasset" 171
"C:/CustomOverwatch/Content/StarterContent/Particles/P_Sparks_Burst.uasset" 172
"C:/CustomOverwatch/Content/Lan/SparkEffect.uasset" 173
"C:/CustomOverwatch/Content/Goblin/AB_Goblin.uasset" 174
"C:/CustomOverwatch/Content/StarterContent/Particles/P_Sparks_Smol.uasset" 175
"C:/CustomOverwatch/Content/Lan/SmallEffect.uasset" 176
"../../../Engine/Content/BasicShapes/BasicShapeMaterial.uasset" 177
"../../../Engine/Content/Functions/Engine_MaterialFunctions01/Opacity/CameraDepthFade.uasset" 178
"../../../Engine/Content/EngineMaterials/T_Default_Material_Grid_M.uasset" 179
"../../../Engine/Content/EngineMaterials/T_Default_Material_Grid_N.uasset" 180
"../../../Engine/Content/EngineMaterials/DefaultMaterial.uasset" 181
"../../../Engine/Content/BasicShapes/Cylinder.uasset" 182
"C:/CustomOverwatch/Content/Lan/Steel.uasset" 183
"C:/CustomOverwatch/Content/Lan/MinChain.uasset" 184
"C:/CustomOverwatch/Content/Lan/Chain.uasset" 185
"C:/CustomOverwatch/Content/Lan/Lifeline.uasset" 186
"C:/CustomOverwatch/Content/CustomModel/fps_model_root_AthenaAttack.uasset" 187
"C:/CustomOverwatch/Content/CustomModel/fps_model_root_AthenaE.uasset" 188
"C:/CustomOverwatch/Content/CustomModel/fps_model_root_AthenaIdle.uasset" 189
"C:/CustomOverwatch/Content/CustomModel/fps_model_root_AthenaQ.uasset" 190
"C:/CustomOverwatch/Content/CustomModel/fps_model_root_AthenaShift.uasset" 191
"C:/CustomOverwatch/Content/Athena/AthenaMontage.uasset" 192
"C:/CustomOverwatch/Content/CustomModel/fps_model_root_AleksanderAttack1.uasset" 193
"C:/CustomOverwatch/Content/CustomModel/fps_model_root_AleksanderAttack2.uasset" 194
"C:/CustomOverwatch/Content/CustomModel/fps_model_root_AleksanderE.uasset" 195
"C:/CustomOverwatch/Content/CustomModel/fps_model_root_AleksanderIdle.uasset" 196
"C:/CustomOverwatch/Content/CustomModel/fps_model_root_AleksanderQ.uasset" 197
"C:/CustomOverwatch/Content/CustomModel/fps_model_root_AleksanderShift.uasset" 198
"C:/CustomOverwatch/Content/Aleksander/AleksanderMontage.uasset" 199
"C:/CustomOverwatch/Content/CustomModel/fps_model_Anim_root_AleksanderIdle.uasset" 200
"C:/CustomOverwatch/Content/Aleksander/AleksanderAttack.uasset" 201
"C:/CustomOverwatch/Content/Aleksander/AleksanderAnimBP.uasset" 202
"C:/CustomOverwatch/Content/OLDCustomModel/trimmed_fp_arms_Skeleton.uasset" 203
"C:/CustomOverwatch/Content/OLDCustomModel/trimmed_fp_arms_Anim_root_Idle.uasset" 204
"C:/CustomOverwatch/Content/Aleksander/better_galaxy.uasset" 205
"C:/CustomOverwatch/Content/Aleksander/VoidMat.uasset" 206
"C:/CustomOverwatch/Content/Aleksander/VoidMat_Portal.uasset" 207
"C:/CustomOverwatch/Content/Aleksander/AleksanderUlt.uasset" 208
"C:/CustomOverwatch/Content/Aleksander/Portal.uasset" 209
"../../../Engine/Content/EngineMaterials/WorldGridMaterial.uasset" 210
"../../../Engine/Content/BasicShapes/Cube.uasset" 211
"C:/CustomOverwatch/Content/Aleksander/UltCage.uasset" 212
"C:/CustomOverwatch/Content/Skybox/Purple/purple_skybox.uasset" 213
"C:/CustomOverwatch/Content/Skybox/Purple/SkyboxMaterial.uasset" 214
"../../../Engine/Content/EngineSky/T_Sky_Blue.uasset" 215
"../../../Engine/Content/EngineSky/T_Sky_Clouds_M.uasset" 216
"../../../Engine/Content/EngineSky/T_Sky_Stars.uasset" 217
"../../../Engine/Content/EngineSky/M_Sky_Panning_Clouds2.uasset" 218
"../../../Engine/Content/EngineSky/SM_SkySphere.uasset" 219
"C:/CustomOverwatch/Content/Skybox/Purple/Skybox.uasset" 220
"../../../Engine/Content/BasicShapes/Plane.uasset" 221
"C:/CustomOverwatch/Content/Aleksander/ScrapeMat.uasset" 222
"C:/CustomOverwatch/Content/Aleksander/ScrapeMat_Inst.uasset" 223
"C:/CustomOverwatch/Content/Aleksander/Scape.uasset" 224
"C:/CustomOverwatch/Content/CustomModel/M_UE4Man_Body.uasset" 225
"C:/CustomOverwatch/Content/CustomModel/fps_model_PhysicsAsset.uasset" 226
"C:/CustomOverwatch/Content/CustomModel/fps_model.uasset" 227
"C:/CustomOverwatch/Content/SFX/Walk.uasset" 228
"C:/CustomOverwatch/Content/Aleksander/Aleksander.uasset" 229
"C:/CustomOverwatch/Content/FirstPerson/Animations/FirstPerson_Idle.uasset" 230
"C:/CustomOverwatch/Content/FirstPerson/Animations/FirstPerson_JumpEnd.uasset" 231
"C:/CustomOverwatch/Content/FirstPerson/Animations/FirstPerson_JumpLoop.uasset" 232
"C:/CustomOverwatch/Content/FirstPerson/Animations/FirstPerson_JumpStart.uasset" 233
"C:/CustomOverwatch/Content/FirstPerson/Animations/FirstPerson_Run.uasset" 234
"C:/CustomOverwatch/Content/FirstPerson/Animations/FirstPerson_AnimBP.uasset" 235
"C:/CustomOverwatch/Content/OLDCustomModel/trimmed_fp_arms_Anim_root_Hold.uasset" 236
"C:/CustomOverwatch/Content/OLDCustomModel/trimmed_fp_arms_Anim_root_Let_Go.uasset" 237
"C:/CustomOverwatch/Content/OLDCustomModel/trimmed_fp_arms_Anim_root_Shock.uasset" 238
"C:/CustomOverwatch/Content/OLDCustomModel/montage_hold.uasset" 239
"C:/CustomOverwatch/Content/Lan/LanAnimationBP.uasset" 240
"C:/CustomOverwatch/Content/OLDCustomModel/trimmed_fp_arms_Anim_root_Attack.uasset" 241
"C:/CustomOverwatch/Content/OLDCustomModel/montage_attack.uasset" 242
"C:/CustomOverwatch/Content/OLDCustomModel/montage_shock.uasset" 243
"../../../Engine/Content/Functions/Engine_MaterialFunctions02/Utility/BlendAngleCorrectedNormals.uasset" 244
"../../../Engine/Content/Functions/MaterialLayerFunctions/MatLayerBlend_NormalBlend.uasset" 245
"../../../Engine/Content/Functions/MaterialLayerFunctions/MatLayerBlend_Simple.uasset" 246
"C:/CustomOverwatch/Content/FirstPerson/Character/Materials/MaterialLayers/T_ML_Rubber_Blue_01_D.uasset" 247
"C:/CustomOverwatch/Content/FirstPerson/Character/Materials/MaterialLayers/T_ML_Rubber_Blue_01_N.uasset" 248
"C:/CustomOverwatch/Content/FirstPerson/Character/Materials/MaterialLayers/ML_GlossyBlack_Latex_UE4.uasset" 249
"C:/CustomOverwatch/Content/FirstPerson/Character/Materials/MaterialLayers/ML_Plastic_Shiny_Beige.uasset" 250
"C:/CustomOverwatch/Content/FirstPerson/Character/Materials/MaterialLayers/ML_Plastic_Shiny_Beige_LOGO.uasset" 251
"C:/CustomOverwatch/Content/FirstPerson/Character/Materials/MaterialLayers/T_ML_Aluminum01.uasset" 252
"C:/CustomOverwatch/Content/FirstPerson/Character/Materials/MaterialLayers/T_ML_Aluminum01_N.uasset" 253
"C:/CustomOverwatch/Content/FirstPerson/Character/Materials/MaterialLayers/ML_SoftMetal_UE4.uasset" 254
"C:/CustomOverwatch/Content/FirstPerson/Character/Textures/UE4_Mannequin__normals.uasset" 255
"C:/CustomOverwatch/Content/FirstPerson/Character/Textures/UE4_Mannequin_MAT_MASKA.uasset" 256
"C:/CustomOverwatch/Content/FirstPerson/Character/Materials/M_UE4Man_Body.uasset" 257
"C:/CustomOverwatch/Content/FirstPerson/Character/Mesh/SK_Mannequin_Arms_PhysicsAsset.uasset" 258
"C:/CustomOverwatch/Content/FirstPerson/Character/Mesh/SK_Mannequin_Arms.uasset" 259
"C:/CustomOverwatch/Content/FirstPerson/FPWeapon/Materials/MaterialLayers/T_ML_Rubber_Blue_01_D.uasset" 260
"C:/CustomOverwatch/Content/FirstPerson/FPWeapon/Materials/MaterialLayers/T_ML_Rubber_Blue_01_N.uasset" 261
"C:/CustomOverwatch/Content/FirstPerson/FPWeapon/Materials/MaterialLayers/ML_GlossyBlack_Latex_UE4.uasset" 262
"C:/CustomOverwatch/Content/FirstPerson/FPWeapon/Materials/MaterialLayers/ML_Plastic_Shiny_Beige.uasset" 263
"C:/CustomOverwatch/Content/FirstPerson/FPWeapon/Materials/MaterialLayers/ML_Screen.uasset" 264
"C:/CustomOverwatch/Content/FirstPerson/FPWeapon/Materials/MaterialLayers/T_ML_Aluminum01.uasset" 265
"C:/CustomOverwatch/Content/FirstPerson/FPWeapon/Materials/MaterialLayers/T_ML_Aluminum01_N.uasset" 266
"C:/CustomOverwatch/Content/FirstPerson/FPWeapon/Materials/MaterialLayers/ML_SoftMetal_UE4.uasset" 267
"C:/CustomOverwatch/Content/FirstPerson/FPWeapon/Textures/T_FPGun_M.uasset" 268
"C:/CustomOverwatch/Content/FirstPerson/FPWeapon/Textures/T_FPGun_N.uasset" 269
"C:/CustomOverwatch/Content/FirstPerson/FPWeapon/Materials/M_FPGun.uasset" 270
"C:/CustomOverwatch/Content/FirstPerson/FPWeapon/Mesh/SK_FPGun_Skeleton.uasset" 271
"C:/CustomOverwatch/Content/FirstPerson/FPWeapon/Mesh/SK_FPGun.uasset" 272
"C:/CustomOverwatch/Content/Lan/ActionState.uasset" 273
"C:/CustomOverwatch/Content/Lan/kunai.uasset" 274
"C:/CustomOverwatch/Content/OLDCustomModel/M_UE4Man_Body.uasset" 275
"C:/CustomOverwatch/Content/OLDCustomModel/trimmed_fp_arms_PhysicsAsset.uasset" 276
"C:/CustomOverwatch/Content/OLDCustomModel/trimmed_fp_arms.uasset" 277
"C:/CustomOverwatch/Content/SFX/ChainBegin.uasset" 278
"C:/CustomOverwatch/Content/SFX/ChainShuffle.uasset" 279
"C:/CustomOverwatch/Content/SFX/CharacterLand.uasset" 280
"C:/CustomOverwatch/Content/SFX/Shock.uasset" 281
"C:/CustomOverwatch/Content/SFX/ThrowKunai.uasset" 282
"C:/CustomOverwatch/Content/StarterContent/Particles/P_Sparks.uasset" 283
"C:/CustomOverwatch/Content/Lan/Lan.uasset" 284
"C:/CustomOverwatch/Content/UI/Aleksander.uasset" 285
"C:/CustomOverwatch/Content/UI/Athena.uasset" 286
"C:/CustomOverwatch/Content/UI/Lan.uasset" 287
"C:/CustomOverwatch/Content/UI/HeroSelect.uasset" 288
"C:/CustomOverwatch/Content/UI/Icons/AleksanderE.uasset" 289
"C:/CustomOverwatch/Content/UI/Icons/AleksanderShift.uasset" 290
"C:/CustomOverwatch/Content/UI/Icons/AthenaE.uasset" 291
"C:/CustomOverwatch/Content/UI/Icons/AthenaShift.uasset" 292
"C:/CustomOverwatch/Content/UI/Icons/LanE.uasset" 293
"C:/CustomOverwatch/Content/UI/Icons/LanShift.uasset" 294
"C:/CustomOverwatch/Content/UI/SceneManager.uasset" 295
"C:/CustomOverwatch/Content/UI/AthenaWeapon.uasset" 296
"C:/CustomOverwatch/Content/UI/AthenaWeaponMaterial.uasset" 297
"C:/CustomOverwatch/Content/UI/AthenaWeaponMaterialInstance.uasset" 298
"C:/CustomOverwatch/Content/UI/IconMaterial.uasset" 299
"../../../Engine/Content/EngineResources/DefaultTexture.uasset" 300
"C:/CustomOverwatch/Content/UI/IconMaterial_Inst.uasset" 301
"C:/CustomOverwatch/Content/UI/targeting_reticle.uasset" 302
"C:/CustomOverwatch/Content/UI/TargetingReticleMaterial.uasset" 303
"C:/CustomOverwatch/Content/UI/TargetingReticleMaterial_Inst.uasset" 304
"C:/CustomOverwatch/Content/UI/AleksanderWeapon.uasset" 305
"C:/CustomOverwatch/Content/UI/HitMarker.uasset" 306
"C:/CustomOverwatch/Content/UI/LanWeapon.uasset" 307
"C:/CustomOverwatch/Content/UI/Reticule.uasset" 308
"C:/CustomOverwatch/Content/UI/white-circle-hi.uasset" 309
"C:/CustomOverwatch/Content/UI/InGame.uasset" 310
"C:/CustomOverwatch/Content/Athena/AthenaAnimBP.uasset" 311
"C:/CustomOverwatch/Content/StarterContent/Textures/T_Burst_M.uasset" 312
"C:/CustomOverwatch/Content/StarterContent/Particles/Materials/M_Burst.uasset" 313
"C:/CustomOverwatch/Content/StarterContent/Textures/T_Explosion_SubUV.uasset" 314
"C:/CustomOverwatch/Content/StarterContent/Particles/Materials/M_explosion_subUV.uasset" 315
"C:/CustomOverwatch/Content/StarterContent/Particles/Materials/m_flare_01.uasset" 316
"C:/CustomOverwatch/Content/StarterContent/Particles/Materials/M_radial_ramp.uasset" 317
"C:/CustomOverwatch/Content/StarterContent/Particles/P_Explosion.uasset" 318
"C:/CustomOverwatch/Content/Athena/Explosion.uasset" 319
"C:/CustomOverwatch/Content/StarterContent/Textures/T_Statue_M.uasset" 320
"C:/CustomOverwatch/Content/StarterContent/Textures/T_Statue_N.uasset" 321
"C:/CustomOverwatch/Content/StarterContent/Props/Materials/M_Statue.uasset" 322
"C:/CustomOverwatch/Content/Athena/Beam/Mat_Beam.uasset" 323
"C:/CustomOverwatch/Content/Athena/Beam/P_Beam.uasset" 324
"C:/CustomOverwatch/Content/Athena/DroneExplosion.uasset" 325
"C:/CustomOverwatch/Content/LinearAttenuation.uasset" 326
"C:/CustomOverwatch/Content/Athena/DroneHum.uasset" 327
"C:/CustomOverwatch/Content/Athena/DroneLaser.uasset" 328
"C:/CustomOverwatch/Content/Athena/Model/drone.uasset" 329
"C:/CustomOverwatch/Content/Athena/Drone.uasset" 330
"C:/CustomOverwatch/Content/Athena/Athena.uasset" 331
"../../../Engine/Content/BasicShapes/Sphere.uasset" 332
"C:/CustomOverwatch/Content/OLDCustomModel/Bullet.uasset" 333
"C:/CustomOverwatch/Content/Goblin/ow_health_bar.uasset" 334
"C:/CustomOverwatch/Content/Goblin/ow_health_bar_Mat.uasset" 335
"C:/CustomOverwatch/Content/Goblin/ow_health_bar_Mat_Inst.uasset" 336
"C:/CustomOverwatch/Content/Goblin/KillSound.uasset" 337
"C:/CustomOverwatch/Content/Mannequin/Character/Mesh/SK_Mannequin_PhysicsAsset.uasset" 338
"C:/CustomOverwatch/Content/Goblin/SK_Goblin.uasset" 339
"C:/CustomOverwatch/Content/SFX/BottleCap.uasset" 340
"C:/CustomOverwatch/Content/Goblin/Goblin.uasset" 341
"C:/CustomOverwatch/Content/SFX/HitLanded.uasset" 342
"C:/CustomOverwatch/Content/Lan/LanDagger.uasset" 343
"C:/CustomOverwatch/Content/Lan/TripWire.uasset" 344
"C:/CustomOverwatch/Content/Mannequin/Character/Mesh/UE4_Mannequin_Skeleton.uasset" 345
"C:/CustomOverwatch/Content/Mannequin/Animations/ThirdPerson_Jump.uasset" 346
"C:/CustomOverwatch/Content/Mannequin/Animations/ThirdPersonJump_Loop.uasset" 347
"C:/CustomOverwatch/Content/Mannequin/Animations/ThirdPersonJump_Start.uasset" 348
"C:/CustomOverwatch/Content/Mannequin/Animations/ThirdPersonIdle.uasset" 349
"C:/CustomOverwatch/Content/Mannequin/Animations/ThirdPersonRun.uasset" 350
"C:/CustomOverwatch/Content/Mannequin/Animations/ThirdPersonWalk.uasset" 351
"C:/CustomOverwatch/Content/Mannequin/Animations/ThirdPerson_IdleRun_2D.uasset" 352
"C:/CustomOverwatch/Content/Mannequin/Animations/ThirdPerson_AnimBP.uasset" 353
"C:/CustomOverwatch/Content/Mannequin/Character/Materials/MaterialLayers/T_ML_Rubber_Blue_01_D.uasset" 354
"C:/CustomOverwatch/Content/Mannequin/Character/Materials/MaterialLayers/T_ML_Rubber_Blue_01_N.uasset" 355
"C:/CustomOverwatch/Content/Mannequin/Character/Materials/MaterialLayers/ML_GlossyBlack_Latex_UE4.uasset" 356
"C:/CustomOverwatch/Content/Mannequin/Character/Materials/MaterialLayers/ML_Plastic_Shiny_Beige.uasset" 357
"C:/CustomOverwatch/Content/Mannequin/Character/Textures/UE4_LOGO_CARD.uasset" 358
"C:/CustomOverwatch/Content/Mannequin/Character/Materials/MaterialLayers/ML_Plastic_Shiny_Beige_LOGO.uasset" 359
"C:/CustomOverwatch/Content/Mannequin/Character/Materials/MaterialLayers/T_ML_Aluminum01.uasset" 360
"C:/CustomOverwatch/Content/Mannequin/Character/Materials/MaterialLayers/T_ML_Aluminum01_N.uasset" 361
"C:/CustomOverwatch/Content/Mannequin/Character/Materials/MaterialLayers/ML_SoftMetal_UE4.uasset" 362
"C:/CustomOverwatch/Content/Mannequin/Character/Textures/UE4_Mannequin__normals.uasset" 363
"C:/CustomOverwatch/Content/Mannequin/Character/Textures/UE4_Mannequin_MAT_MASKA.uasset" 364
"C:/CustomOverwatch/Content/Mannequin/Character/Materials/M_UE4Man_Body.uasset" 365
"C:/CustomOverwatch/Content/Mannequin/Character/Textures/UE4Man_Logo_N.uasset" 366
"C:/CustomOverwatch/Content/Mannequin/Character/Materials/M_UE4Man_ChestLogo.uasset" 367
"C:/CustomOverwatch/Content/Mannequin/Character/Mesh/SK_Mannequin.uasset" 368
"C:/CustomOverwatch/Content/OLDCustomModel/montage_return.uasset" 369
"C:/CustomOverwatch/Content/OLDCustomModel/trimmed_fp_arms_Anim_root_Attack1.uasset" 370
"C:/CustomOverwatch/Content/OLDCustomModel/trimmed_fp_arms_Anim_root_Attack2.uasset" 371
"C:/CustomOverwatch/Content/RIPCustomModel/fucked_fps_model_Skeleton.uasset" 372
"C:/CustomOverwatch/Content/RIPCustomModel/athena_attack.uasset" 373
"C:/CustomOverwatch/Content/RIPCustomModel/fps_model_Anim_root_AthenaIdle.uasset" 374
"C:/CustomOverwatch/Content/RIPCustomModel/fps_model_Anim_root_LanAttack.uasset" 375
"C:/CustomOverwatch/Content/RIPCustomModel/fps_model_Anim_root_LanIdle.uasset" 376
"C:/CustomOverwatch/Content/RIPCustomModel/M_UE4Man_Body.uasset" 377
"C:/CustomOverwatch/Content/RIPCustomModel/fps_model_PhysicsAsset.uasset" 378
"C:/CustomOverwatch/Content/RIPCustomModel/fucked_fps_model.uasset" 379
"C:/CustomOverwatch/Content/SFX/Jump.uasset" 380
"C:/CustomOverwatch/Content/SFX/Woosh.uasset" 381
"C:/CustomOverwatch/Content/StarterContent/Materials/M_Basic_Wall.uasset" 382
"C:/CustomOverwatch/Content/StarterContent/Architecture/Pillar_50x500.uasset" 383
"C:/CustomOverwatch/Content/StarterContent/Architecture/Wall_400x300.uasset" 384
"C:/CustomOverwatch/Content/StarterContent/Architecture/Wall_400x400.uasset" 385
"C:/CustomOverwatch/Content/StarterContent/Architecture/Wall_500x500.uasset" 386
"C:/CustomOverwatch/Content/StarterContent/Architecture/Wall_Door_400x400.uasset" 387
"C:/CustomOverwatch/Content/StarterContent/Architecture/Wall_Window_400x400.uasset" 388
"C:/CustomOverwatch/Content/StarterContent/Audio/Collapse01.uasset" 389
"C:/CustomOverwatch/Content/StarterContent/Audio/Collapse02.uasset" 390
"C:/CustomOverwatch/Content/StarterContent/Audio/Explosion01.uasset" 391
"C:/CustomOverwatch/Content/StarterContent/Audio/Explosion02.uasset" 392
"C:/CustomOverwatch/Content/StarterContent/Audio/Fire01.uasset" 393
"C:/CustomOverwatch/Content/StarterContent/Audio/Fire_Sparks01.uasset" 394
"C:/CustomOverwatch/Content/StarterContent/Audio/Light01.uasset" 395
"C:/CustomOverwatch/Content/StarterContent/Audio/Light01_Cue.uasset" 396
"C:/CustomOverwatch/Content/StarterContent/Audio/Light02.uasset" 397
"C:/CustomOverwatch/Content/StarterContent/Audio/Light02_Cue.uasset" 398
"C:/CustomOverwatch/Content/StarterContent/Audio/Smoke01.uasset" 399
"C:/CustomOverwatch/Content/StarterContent/Audio/Starter_Birds01.uasset" 400
"C:/CustomOverwatch/Content/StarterContent/Audio/Starter_Music01.uasset" 401
"C:/CustomOverwatch/Content/StarterContent/Audio/Starter_Wind05.uasset" 402
"C:/CustomOverwatch/Content/StarterContent/Audio/Starter_Wind06.uasset" 403
"C:/CustomOverwatch/Content/StarterContent/Audio/Steam01.uasset" 404
"C:/CustomOverwatch/Content/StarterContent/Audio/Explosion_Cue.uasset" 405
"C:/CustomOverwatch/Content/StarterContent/Blueprints/Blueprint_Effect_Explosion.uasset" 406
"../../../Engine/Content/EditorMeshes/ColorCalibrator/T_ColorGrid.uasset" 407
"C:/CustomOverwatch/Content/StarterContent/Materials/M_ColorGrid_LowSpec.uasset" 408
"C:/CustomOverwatch/Content/StarterContent/Textures/T_Bush_D.uasset" 409
"C:/CustomOverwatch/Content/StarterContent/Textures/T_Bush_N.uasset" 410
"C:/CustomOverwatch/Content/StarterContent/Props/Materials/M_Bush.uasset" 411
"C:/CustomOverwatch/Content/StarterContent/Props/SM_Bush.uasset" 412
"C:/CustomOverwatch/Content/StarterContent/Textures/T_Chair_M.uasset" 413
"C:/CustomOverwatch/Content/StarterContent/Textures/T_Chair_N.uasset" 414
"C:/CustomOverwatch/Content/StarterContent/Props/Materials/M_Chair.uasset" 415
"C:/CustomOverwatch/Content/StarterContent/Props/SM_Couch.uasset" 416
"C:/CustomOverwatch/Content/StarterContent/Materials/M_Glass.uasset" 417
"C:/CustomOverwatch/Content/StarterContent/Textures/T_Door_M.uasset" 418
"C:/CustomOverwatch/Content/StarterContent/Textures/T_Door_N.uasset" 419
"C:/CustomOverwatch/Content/StarterContent/Props/Materials/M_Door.uasset" 420
"C:/CustomOverwatch/Content/StarterContent/Props/SM_Door.uasset" 421
"C:/CustomOverwatch/Content/StarterContent/Props/Materials/M_MaterialSphere.uasset" 422
"C:/CustomOverwatch/Content/StarterContent/Props/Materials/M_MaterialSphere_Plain.uasset" 423
"C:/CustomOverwatch/Content/StarterContent/Props/SM_MatPreviewMesh_02.uasset" 424
"C:/CustomOverwatch/Content/StarterContent/Textures/T_Detail_Rocky_N.uasset" 425
"C:/CustomOverwatch/Content/StarterContent/Textures/T_Rock_Basalt_D.uasset" 426
"C:/CustomOverwatch/Content/StarterContent/Textures/T_RockMesh_M.uasset" 427
"C:/CustomOverwatch/Content/StarterContent/Textures/T_RockMesh_N.uasset" 428
"C:/CustomOverwatch/Content/StarterContent/Props/Materials/M_Rock.uasset" 429
"C:/CustomOverwatch/Content/StarterContent/Props/SM_Rock.uasset" 430
"C:/CustomOverwatch/Content/StarterContent/Textures/T_Shelf_M.uasset" 431
"C:/CustomOverwatch/Content/StarterContent/Textures/T_Shelf_N.uasset" 432
"C:/CustomOverwatch/Content/StarterContent/Props/Materials/M_Shelf.uasset" 433
"C:/CustomOverwatch/Content/StarterContent/Props/SM_Shelf.uasset" 434
"C:/CustomOverwatch/Content/StarterContent/Materials/M_Basic_Floor.uasset" 435
"C:/CustomOverwatch/Content/StarterContent/Props/SM_Stairs.uasset" 436
"C:/CustomOverwatch/Content/StarterContent/Shapes/Shape_Cone.uasset" 437
"C:/CustomOverwatch/Content/StarterContent/Shapes/Shape_Cylinder.uasset" 438
"C:/CustomOverwatch/Content/StarterContent/Shapes/Shape_NarrowCapsule.uasset" 439
"C:/CustomOverwatch/Content/StarterContent/Shapes/Shape_Pipe.uasset" 440
"C:/CustomOverwatch/Content/StarterContent/Shapes/Shape_Pipe_180.uasset" 441
"C:/CustomOverwatch/Content/StarterContent/Shapes/Shape_Pipe_90.uasset" 442
"C:/CustomOverwatch/Content/StarterContent/Shapes/Shape_Plane.uasset" 443
"C:/CustomOverwatch/Content/StarterContent/Shapes/Shape_Torus.uasset" 444
"C:/CustomOverwatch/Content/StarterContent/Shapes/Shape_Trim.uasset" 445
"C:/CustomOverwatch/Content/StarterContent/Shapes/Shape_Trim_90_In.uasset" 446
"C:/CustomOverwatch/Content/StarterContent/Shapes/Shape_Trim_90_Out.uasset" 447
"C:/CustomOverwatch/Content/StarterContent/Shapes/Shape_TriPyramid.uasset" 448
"C:/CustomOverwatch/Content/StarterContent/Shapes/Shape_Tube.uasset" 449
"C:/CustomOverwatch/Content/StarterContent/Shapes/Shape_Wedge_A.uasset" 450
"C:/CustomOverwatch/Content/StarterContent/Shapes/Shape_Wedge_B.uasset" 451
"C:/CustomOverwatch/Content/StarterContent/Shapes/Shape_WideCapsule.uasset" 452
"C:/CustomOverwatch/Content/UI/AbilityMock.uasset" 453
"C:/CustomOverwatch/Content/UI/FirstPersonGameMode.uasset" 454
"C:/CustomOverwatch/Content/FirstPerson/Textures/FirstPersonCrosshair.uasset" 455
"C:/CustomOverwatch/Content/UI/FirstPersonHUD.uasset" 456
"C:/CustomOverwatch/Content/UI/Icons/AleksanderAttack.uasset" 457
"C:/CustomOverwatch/Content/UI/Icons/AleksanderUlt.uasset" 458
"C:/CustomOverwatch/Content/UI/Icons/AthenaAttack.uasset" 459
"C:/CustomOverwatch/Content/UI/Icons/AthneaUlt.uasset" 460
"C:/CustomOverwatch/Content/UI/Icons/LanAttack.uasset" 461
"C:/CustomOverwatch/Content/UI/Icons/LanUlt.uasset" 462
"../../../Engine/Content/BasicShapes/Cone.uasset" 463
"../../../Engine/Content/EditorLandscapeResources/DataLayer.uasset" 464
"../../../Engine/Content/EditorMaterials/GizmoMaterial.uasset" 465
"../../../Engine/Content/EditorMaterials/MAT_Groups_Toggle.uasset" 466
"../../../Engine/Content/EditorMaterials/MAT_Groups_Visibility.uasset" 467
"../../../Engine/Content/EditorMaterials/PreviewShadowIndicator.uasset" 468
"../../../Engine/Content/EditorMaterials/PreviewShadowIndicatorMaterial.uasset" 469
"../../../Engine/Content/EditorMaterials/MatineeGroups/MAT_ColorTrack.uasset" 470
"../../../Engine/Content/EditorMaterials/MatineeGroups/MAT_Groups_Anim.uasset" 471
"../../../Engine/Content/EditorMaterials/MatineeGroups/MAT_Groups_AudioMaster.uasset" 472
"../../../Engine/Content/EditorMaterials/MatineeGroups/MAT_Groups_Director.uasset" 473
"../../../Engine/Content/EditorMaterials/MatineeGroups/MAT_Groups_Event.uasset" 474
"../../../Engine/Content/EditorMaterials/MatineeGroups/MAT_Groups_Fade.uasset" 475
"../../../Engine/Content/EditorMaterials/MatineeGroups/MAT_Groups_Float.uasset" 476
"../../../Engine/Content/EditorMaterials/MatineeGroups/MAT_Groups_Move.uasset" 477
"../../../Engine/Content/EditorMaterials/MatineeGroups/MAT_Groups_Slomo.uasset" 478
"../../../Engine/Content/EditorMaterials/MatineeGroups/MAT_Groups_Sound.uasset" 479
"../../../Engine/Content/EditorMaterials/MatineeGroups/MAT_Groups_Vector.uasset" 480
"../../../Engine/Content/EditorMaterials/ParticleSystems/PSysThumbnail_NoImage.uasset" 481
"../../../Engine/Content/EditorMaterials/ParticleSystems/PSysThumbnail_OOD.uasset" 482
"../../../Engine/Content/EditorMaterials/Camera/CineMat.uasset" 483
"../../../Engine/Content/EditorMaterials/Camera/MI_CineMat_Rig.uasset" 484
"../../../Engine/Content/EditorMeshes/Camera/SM_CraneRig_Arm.uasset" 485
"../../../Engine/Content/EditorMeshes/Camera/SM_CraneRig_Base.uasset" 486
"../../../Engine/Content/EditorMeshes/Camera/SM_CraneRig_Body.uasset" 487
"../../../Engine/Content/EditorMeshes/Camera/SM_CraneRig_Mount.uasset" 488
"../../../Engine/Content/EditorMeshes/Camera/SM_RailRig_Mount.uasset" 489
"../../../Engine/Content/EditorMeshes/Camera/SM_RailRig_Track.uasset" 490
"../../../Engine/Content/EditorResources/BSPVertex.uasset" 491
"../../../Engine/Content/EditorResources/EmptyActor.uasset" 492
"../../../Engine/Content/EditorResources/S_Actor.uasset" 493
"../../../Engine/Content/EditorResources/S_Trigger.uasset" 494
"../../../Engine/Content/EditorResources/AudioIcons/S_AudioComponent.uasset" 495
"../../../Engine/Content/EditorResources/AudioIcons/S_AudioComponent_AutoActivate.uasset" 496
"../../../Engine/Content/EditorResources/LightIcons/S_LightError.uasset" 497
"../../../Engine/Content/EditorResources/SequenceRecorder/Countdown.uasset" 498
"../../../Engine/Content/EditorResources/SequenceRecorder/RecordingIndicator.uasset" 499
"../../../Engine/Content/EditorSounds/Notifications/CompileFailed.uasset" 500
"../../../Engine/Content/EditorSounds/Notifications/CompileFailed_Cue.uasset" 501
"../../../Engine/Content/EditorSounds/Notifications/CompileSuccess.uasset" 502
"../../../Engine/Content/EditorSounds/Notifications/CompileStart_Cue.uasset" 503
"../../../Engine/Content/EditorSounds/Notifications/CompileSuccess_Cue.uasset" 504
"../../../Engine/Content/EngineDamageTypes/DmgTypeBP_Environmental.uasset" 505
"../../../Engine/Content/EngineDebugMaterials/HeatmapGradient.uasset" 506
"../../../Engine/Content/EngineDebugMaterials/BoneWeightMaterial.uasset" 507
"../../../Engine/Content/EngineDebugMaterials/ClothMaterial.uasset" 508
"../../../Engine/Content/EngineDebugMaterials/ClothMaterial_WF.uasset" 509
"../../../Engine/Content/EngineDebugMaterials/DebugEditorMaterial.uasset" 510
"../../../Engine/Content/EngineDebugMaterials/DebugMeshMaterial.uasset" 511
"../../../Engine/Content/EngineDebugMaterials/GeomMaterial.uasset" 512
"../../../Engine/Content/EngineFonts/Faces/RobotoBold.uasset" 513
"../../../Engine/Content/EngineFonts/Faces/RobotoBoldItalic.uasset" 514
"../../../Engine/Content/EngineFonts/Faces/RobotoItalic.uasset" 515
"../../../Engine/Content/EngineFonts/Faces/RobotoLight.uasset" 516
"../../../Engine/Content/EngineFonts/Faces/RobotoRegular.uasset" 517
"../../../Engine/Content/EngineFonts/Roboto.uasset" 518
"../../../Engine/Content/EngineFonts/Faces/RobotoTiny.uasset" 519
"../../../Engine/Content/EngineFonts/RobotoTiny.uasset" 520
"../../../Engine/Content/EngineMaterials/DefaultBloomKernel.uasset" 521
"../../../Engine/Content/EngineMaterials/DefaultBokeh.uasset" 522
"../../../Engine/Content/EngineMaterials/DefaultDiffuse.uasset" 523
"../../../Engine/Content/EngineMaterials/DefaultDeferredDecalMaterial.uasset" 524
"../../../Engine/Content/EngineMaterials/DefaultLightFunctionMaterial.uasset" 525
"../../../Engine/Content/EngineMaterials/DefaultPhysicalMaterial.uasset" 526
"../../../Engine/Content/Functions/Engine_MaterialFunctions02/Utility/BreakOutFloat2Components.uasset" 527
"../../../Engine/Content/EngineMaterials/DefaultPostProcessMaterial.uasset" 528
"../../../Engine/Content/EngineFonts/RobotoDistanceField.uasset" 529
"../../../Engine/Content/EngineMaterials/DefaultTextMaterialOpaque.uasset" 530
"../../../Engine/Content/EngineMaterials/DefaultWhiteGrid.uasset" 531
"../../../Engine/Content/EngineMaterials/EditorBrushMaterial.uasset" 532
"../../../Engine/Content/EngineMaterials/Good64x64TilingNoiseHighFreq.uasset" 533
"../../../Engine/Content/EngineMaterials/MiniFont.uasset" 534
"../../../Engine/Content/EngineMaterials/InvalidLightmapSettings.uasset" 535
"../../../Engine/Content/EngineMaterials/M_InvalidLightmapSettings.uasset" 536
"../../../Engine/Content/Functions/Engine_MaterialFunctions02/WorldPositionOffset/CameraOffset.uasset" 537
"../../../Engine/Content/EngineMaterials/PhAT_JointLimitMaterial.uasset" 538
"../../../Engine/Content/EngineMaterials/PreintegratedSkinBRDF.uasset" 539
"../../../Engine/Content/EngineMaterials/RemoveSurfaceMaterial.uasset" 540
"../../../Engine/Content/EngineMaterials/WeightMapPlaceholderTexture.uasset" 541
"../../../Engine/Content/EngineResources/WhiteSquareTexture.uasset" 542
"../../../Engine/Content/EngineMaterials/Widget3DPassThrough.uasset" 543
"../../../Engine/Content/EngineMaterials/Widget3DPassThrough_Masked.uasset" 544
"../../../Engine/Content/EngineMaterials/Widget3DPassThrough_Opaque.uasset" 545
"../../../Engine/Content/EngineMaterials/Widget3DPassThrough_Masked_OneSided.uasset" 546
"../../../Engine/Content/EngineMaterials/Widget3DPassThrough_Opaque_OneSided.uasset" 547
"../../../Engine/Content/EngineMaterials/Widget3DPassThrough_Translucent.uasset" 548
"../../../Engine/Content/EngineMaterials/Widget3DPassThrough_Translucent_OneSided.uasset" 549
"../../../Engine/Content/EngineMeshes/Cube.uasset" 550
"../../../Engine/Content/EngineMeshes/Cylinder.uasset" 551
"../../../Engine/Content/EngineMeshes/Sphere.uasset" 552
"../../../Engine/Content/EngineResources/Black.uasset" 553
"../../../Engine/Content/EngineResources/DefaultTextureCube.uasset" 554
"../../../Engine/Content/EngineResources/GradientTexture0.uasset" 555
"../../../Engine/Content/EngineSounds/Master.uasset" 556
"../../../Engine/Content/Functions/Engine_MaterialFunctions01/Shading/ConvertFromDiffSpec.uasset" 557
"../../../Engine/Content/Functions/Engine_MaterialFunctions01/Shading/PowerToRoughness.uasset" 558
"../../../Engine/Content/Maps/Templates/Thumbnails/Default.uasset" 559
"../../../Engine/Content/Maps/Templates/Thumbnails/VR-Basic.uasset" 560
"../../../Engine/Content/MobileResources/T_MobileControls_texture.uasset" 561
"../../../Engine/Content/MobileResources/T_MobileMenu2.uasset" 562
"../../../Engine/Content/MobileResources/HUD/AnalogHat.uasset" 563
"../../../Engine/Content/MobileResources/HUD/VirtualJoystick_Background.uasset" 564
"../../../Engine/Content/MobileResources/HUD/VirtualJoystick_Thumb.uasset" 565
"../../../Engine/Content/MobileResources/HUD/DefaultVirtualJoysticks.uasset" 566
"../../../Engine/Content/MobileResources/HUD/LeftVirtualJoystickOnly.uasset" 567
"../../../Engine/Content/MobileResources/HUD/MobileHUDButton1_off.uasset" 568
"../../../Engine/Content/MobileResources/HUD/MobileHUDButton1_on.uasset" 569
"../../../Engine/Content/MobileResources/HUD/MobileHUDButton2_off.uasset" 570
"../../../Engine/Content/MobileResources/HUD/MobileHUDButton2_on.uasset" 571
"../../../Engine/Content/MobileResources/HUD/MobileHUDButton3.uasset" 572
"../../../Engine/Content/MobileResources/HUD/MobileHUDButtonFire.uasset" 573
"../../../Engine/Content/MobileResources/HUD/MobileHUDDirectionPad.uasset" 574
"../../../Engine/Content/MobileResources/HUD/MobileHUDDirectionPad2.uasset" 575
"../../../Engine/Content/MobileResources/HUD/MobileHUDDirectionPad3.uasset" 576
"../../../Engine/Content/MobileResources/HUD/MobileHUDDirectionStick.uasset" 577
"../../../Engine/Content/MobileResources/HUD/T_Castle_ThumbstickInner.uasset" 578
"../../../Engine/Content/MobileResources/HUD/T_Castle_ThumbstickOutter.uasset" 579
"../../../Engine/Content/Tutorial/ContentIntroCurve.uasset" 580
"../../../Engine/Content/Tutorial/Basics/TutorialAssets/icon_tab_Levels_40x.uasset" 581
"../../../Engine/Content/Tutorial/BlueprintTutorials/TutorialAssets/BlueprintInterface_64x.uasset" 582
"../../../Engine/Content/Tutorial/BlueprintTutorials/TutorialAssets/BlueprintMacroLibrary_64x.uasset" 583
"../../../Engine/Content/Tutorial/BlueprintTutorials/TutorialAssets/Blueprint_64x.uasset" 584
"../../../Engine/Content/Tutorial/BlueprintTutorials/TutorialAssets/Tutorial_BP_Interface.uasset" 585
"../../../Engine/Content/Tutorial/Foliage/TutorialAssets/Foliage.uasset" 586
"../../../Engine/Content/Tutorial/Landscape/TutorialAssets/Landscape.uasset" 587
"../../../Engine/Content/Tutorial/Paper2D/TutorialAssets/Paper2DFlipbook_TutorialIcon.uasset" 588
"../../../Engine/Content/Tutorial/Paper2D/TutorialAssets/Paper2DSprite_TutorialIcon.uasset" 589
"../../../Engine/Content/Tutorial/SubEditors/TutorialAssets/icon_Editor_Preferences_General_40x.uasset" 590
"../../../Engine/Content/Tutorial/SubEditors/TutorialAssets/icon_ShowSkeletalMeshes_40x.uasset" 591
"../../../Engine/Content/Tutorial/SubEditors/TutorialAssets/TutorialMaterial.uasset" 592
"../../../Engine/Content/Tutorial/SubEditors/TutorialAssets/T_SmokeSubUV_8X8.uasset" 593
"../../../Engine/Content/Tutorial/SubEditors/TutorialAssets/T_soft_smoke.uasset" 594
"../../../Engine/Content/Tutorial/SubEditors/TutorialAssets/M_smoke_subUV_blackbody.uasset" 595
"../../../Engine/Content/Tutorial/SubEditors/TutorialAssets/TutorialParticleSystem.uasset" 596
"../../../Engine/Content/VREditor/Devices/Generic/GenericHMDMaterial.uasset" 597
"../../../Engine/Content/VREditor/Devices/Generic/GenericHMD.uasset" 598
"../../../Engine/Content/Functions/Engine_MaterialFunctions02/Utility/BreakOutFloat3Components.uasset" 599
"../../../Engine/Content/VREditor/Devices/Vive/VivePreController_MasksB.uasset" 600
"../../../Engine/Content/VREditor/Devices/Oculus/OculusControllerMaterial.uasset" 601
"../../../Engine/Content/VREditor/Devices/Oculus/OculusControllerMaterial_Inst.uasset" 602
"../../../Engine/Content/VREditor/Devices/Oculus/OculusControllerMesh.uasset" 603
"../../../Engine/Content/VREditor/Devices/Vive/T_VivePreController_EM.uasset" 604
"../../../Engine/Content/VREditor/Devices/Vive/VivePreController_MasksA.uasset" 605
"../../../Engine/Content/VREditor/Devices/Vive/VivePreControllerDiffuse.uasset" 606
"../../../Engine/Content/VREditor/Devices/Vive/VivePreControllerSpec.uasset" 607
"../../../Engine/Content/VREditor/LaserPointer/VR_LaserPower_01.uasset" 608
"../../../Engine/Content/VREditor/Devices/Vive/VivePreControllerMaterial.uasset" 609
"../../../Engine/Content/VREditor/Devices/Vive/VivePreControllerMaterial_Inst.uasset" 610
"../../../Engine/Content/VREditor/Devices/Vive/VivePreControllerMesh.uasset" 611
"../../../Engine/Content/VREditor/FloatingText/LineMaterial.uasset" 612
"../../../Engine/Content/VREditor/FloatingText/JointSphere.uasset" 613
"../../../Engine/Content/VREditor/FloatingText/LineSegmentCylinder.uasset" 614
"../../../Engine/Content/VREditor/Fonts/VRText_RobotoLarge.uasset" 615
"../../../Engine/Content/VREditor/Fonts/VRTextMaterial.uasset" 616
"../../../Engine/Content/VREditor/Fonts/TranslucentVRTextMaterial.uasset" 617
"../../../Engine/Content/VREditor/LaserPointer/CursorPointer.uasset" 618
"../../../Engine/Content/VREditor/TransformGizmo/TransformGizmoMaterial.uasset" 619
"../../../Engine/Content/VREditor/LaserPointer/HoverMaterial.uasset" 620
"../../../Engine/Content/VREditor/TransformGizmo/TranslucentTransformGizmoMaterial.uasset" 621
"../../../Engine/Content/VREditor/LaserPointer/TranslucentHoverMaterial.uasset" 622
"../../../Engine/Content/VREditor/LaserPointer/HoverMesh.uasset" 623
"../../../Engine/Content/VREditor/LaserPointer/LaserPointerMaterial.uasset" 624
"../../../Engine/Content/VREditor/LaserPointer/LaserPointerMaterialInst.uasset" 625
"../../../Engine/Content/VREditor/LaserPointer/TranslucentLaserPointerMaterialInst.uasset" 626
"../../../Engine/Content/VREditor/LaserPointer/LaserPointerMesh.uasset" 627
"../../../Engine/Content/VREditor/LaserPointer/LaserPointerMesh_End.uasset" 628
"../../../Engine/Content/VREditor/LaserPointer/LaserPointerMesh_Start.uasset" 629
"../../../Engine/Content/VREditor/Sounds/VR_teleport.uasset" 630
"../../../Engine/Content/VREditor/Sounds/UI/Click_on_Button.uasset" 631
"../../../Engine/Content/VREditor/Sounds/UI/Click_on_Button_Cue.uasset" 632
"../../../Engine/Content/VREditor/Sounds/UI/Dockable_Window_Close.uasset" 633
"../../../Engine/Content/VREditor/Sounds/UI/Dockable_Window_Drop.uasset" 634
"../../../Engine/Content/VREditor/Sounds/UI/Dockable_Window_Open.uasset" 635
"../../../Engine/Content/VREditor/Sounds/UI/Dockable_Window_Pick_Up.uasset" 636
"../../../Engine/Content/VREditor/Sounds/UI/Drop_Item_From_ContentBrowser.uasset" 637
"../../../Engine/Content/VREditor/Sounds/UI/Floating_UI_Open-001.uasset" 638
"../../../Engine/Content/VREditor/Sounds/UI/Radial_Menu_FadeOut.uasset" 639
"../../../Engine/Content/VREditor/Sounds/UI/Teleport_Mode_Entered.uasset" 640
"../../../Engine/Content/VREditor/Teleport/TeleportDirectionMaterial.uasset" 641
"../../../Engine/Content/VREditor/Teleport/TeleportDirectionMaterial_Inst.uasset" 642
"../../../Engine/Content/VREditor/Teleport/TeleportDirectionMesh.uasset" 643
"../../../Engine/Content/VREditor/TransformGizmo/BoundingBoxCorner.uasset" 644
"../../../Engine/Content/VREditor/TransformGizmo/BoundingBoxEdge.uasset" 645
"../../../Engine/Content/VREditor/TransformGizmo/PlaneTranslationHandle.uasset" 646
"../../../Engine/Content/VREditor/TransformGizmo/Main.uasset" 647
"../../../Engine/Content/VREditor/TransformGizmo/Xray.uasset" 648
"../../../Engine/Content/VREditor/TransformGizmo/SM_Dialog_Close.uasset" 649
"../../../Engine/Content/VREditor/TransformGizmo/SM_Dialog_Move.uasset" 650
"../../../Engine/Content/VREditor/TransformGizmo/SM_Sequencer_Key.uasset" 651
"../../../Engine/Content/VREditor/TransformGizmo/SM_Sequencer_Node.uasset" 652
"../../../Engine/Content/VREditor/TransformGizmo/TransformGizmoMaterial_Inst.uasset" 653
"../../../Engine/Content/VREditor/TransformGizmo/TranslucentTransformGizmoMaterial_Inst.uasset" 654
"../../../Engine/Content/VREditor/Devices/Vive/UE4_Logo.uasset" 655
"../../../Engine/Content/VREditor/UI/M_ContentWindow.uasset" 656
"../../../Engine/Content/VREditor/UI/SM_ContentWindow_01.uasset" 657
"../../../Engine/Content/VREditor/UI/KeyDiskMaterial.uasset" 658
"../../../Engine/Content/VREditor/UI/DiscMaterial.uasset" 659
"../../../Engine/Content/VREditor/UI/SM_Radial_Disk.uasset" 660
"../../../Engine/Content/VREditor/UI/ArrowMaterial.uasset" 661
"../../../Engine/Content/VREditor/UI/SM_Radial_Pointer.uasset" 662
"../../../Engine/Content/VREditor/WorldMovementGrid/SimpleGrid.uasset" 663
"../../../Engine/Content/VREditor/WorldMovementGrid/GridMaterial.uasset" 664
"../../../Engine/Content/Functions/Engine_MaterialFunctions01/Density/ExponentialDensity.uasset" 665
"../../../Engine/Content/VREditor/WorldMovementGrid/GridPostProcess.uasset" 666
"../../../Engine/Content/EditorLandscapeResources/FlattenHeightMat.uasset" 667
"../../../Engine/Content/VREditor/WorldMovementGrid/PlaneMesh.uasset" 668
"../../Plugins/2D/Paper2D/Content/PlaceholderTextures/DummySpriteTexture.uasset" 669
"../../Plugins/2D/Paper2D/Content/DummySprite.uasset" 670
"../../Plugins/2D/Paper2D/Content/DefaultPaperTerrainMaterial.uasset" 671
"../../Plugins/2D/Paper2D/Content/DefaultSpriteMaterial.uasset" 672
"../../Plugins/2D/Paper2D/Content/MaskedUnlitSpriteMaterial.uasset" 673
"../../Plugins/2D/Paper2D/Content/OpaqueUnlitSpriteMaterial.uasset" 674
"../../Plugins/Media/MediaCompositing/Content/DefaultMediaPlaneTexture.uasset" 675
"../../Plugins/Media/MediaCompositing/Content/DefaultMediaPlaneMaterial.uasset" 676
"../../../Engine/Content/Functions/Engine_MaterialFunctions02/Utility/MakeFloat4.uasset" 677
"../../Plugins/Runtime/AppleARKit/Content/ARKitCameraMaterial.uasset" 678
"../../Plugins/Runtime/Oculus/OculusVR/Content/Textures/GearVRController_AO.uasset" 679
"../../Plugins/Runtime/Oculus/OculusVR/Content/Textures/GearVRController_Color.uasset" 680
"../../Plugins/Runtime/Oculus/OculusVR/Content/Textures/GearVRController_Normal.uasset" 681
"../../Plugins/Runtime/Oculus/OculusVR/Content/Materials/GearVRControllerMaterial.uasset" 682
"../../Plugins/Runtime/Oculus/OculusVR/Content/Meshes/GearVrController.uasset" 683
"../../../Engine/Content/Functions/Engine_MaterialFunctions01/Gradient/RadialGradientExponential.uasset" 684
"C:/CustomOverwatch/Content/InfinityBladeGrassLands/Maps/LevelContent/Architecture/M_CycWall_01.uasset" 685
"../../../Engine/Content/MapTemplates/lut/LUT_Daytime.uasset" 686
"C:/CustomOverwatch/Content/InfinityBladeGrassLands/Maps/LevelContent/Architecture/M_CycRoom_01.uasset" 687
"C:/CustomOverwatch/Content/InfinityBladeGrassLands/Maps/LevelContent/Architecture/SM_CycRoom_01.uasset" 688
"C:/CustomOverwatch/Content/InfinityBladeGrassLands/Maps/LevelContent/HDRI/HDRI_Epic_Courtyard_Daylight.uasset" 689
"C:/CustomOverwatch/Content/InfinityBladeGrassLands/Maps/SimpleTrailerMap.umap" 690
"C:/CustomOverwatch/Content/StarterContent/Blueprints/Assets/FogBrightnessLUT.uasset" 691
"C:/CustomOverwatch/Content/StarterContent/Blueprints/Assets/SunlightColorLUT.uasset" 692
"C:/CustomOverwatch/Content/StarterContent/Blueprints/Assets/M_LightStage_Arrows.uasset" 693
"../../../Engine/Content/MapTemplates/Sky/DaylightAmbientCubemap.uasset" 694
"C:/CustomOverwatch/Content/StarterContent/Blueprints/Assets/M_LightStage_Skybox_Master.uasset" 695
"C:/CustomOverwatch/Content/StarterContent/Blueprints/Assets/M_LightStage_Skybox_Black.uasset" 696
"C:/CustomOverwatch/Content/StarterContent/Blueprints/Assets/M_LightStage_Skybox_HDRI.uasset" 697
"../../../Engine/Content/EditorMaterials/Thumbnails/SkySphereMaterial.uasset" 698
"C:/CustomOverwatch/Content/StarterContent/Blueprints/Assets/Skybox.uasset" 699
"C:/CustomOverwatch/Content/StarterContent/Blueprints/Assets/SM_Arrows.uasset" 700
"C:/CustomOverwatch/Content/StarterContent/HDRI/HDRI_Epic_Courtyard_Daylight.uasset" 701
"C:/CustomOverwatch/Content/StarterContent/Blueprints/BP_LightStudio.uasset" 702
"C:/CustomOverwatch/Content/StarterContent/Maps/Advanced_Lighting_BuiltData.uasset" 703
"C:/CustomOverwatch/Content/StarterContent/Materials/M_AssetPlatform.uasset" 704
"../../../Engine/Content/EditorMeshes/ColorCalibrator/M_ChromeBall.uasset" 705
"../../../Engine/Content/EditorMeshes/ColorCalibrator/M_ClearCoat.uasset" 706
"../../../Engine/Content/EditorMeshes/ColorCalibrator/M_ClearCoatBlack.uasset" 707
"../../../Engine/Content/EditorMeshes/ColorCalibrator/Color_checker.uasset" 708
"../../../Engine/Content/EditorMeshes/ColorCalibrator/M_ColorGrid.uasset" 709
"../../../Engine/Content/EditorMeshes/ColorCalibrator/M_GreyBall.uasset" 710
"../../../Engine/Content/EditorMeshes/ColorCalibrator/SM_ColorCalibrator.uasset" 711
"C:/CustomOverwatch/Content/StarterContent/Architecture/SM_AssetPlatform.uasset" 712
"C:/CustomOverwatch/Content/StarterContent/Maps/Advanced_Lighting.umap" 713
"../../../Engine/Content/EngineSky/C_Sky_Cloud_Color.uasset" 714
"../../../Engine/Content/EngineSky/C_Sky_Horizon_Color.uasset" 715
"../../../Engine/Content/EngineSky/C_Sky_Zenith_Color.uasset" 716
"../../../Engine/Content/EngineSky/BP_Sky_Sphere.uasset" 717
"C:/CustomOverwatch/Content/StarterContent/Maps/Minimal_Default_BuiltData.uasset" 718
"C:/CustomOverwatch/Content/StarterContent/Textures/T_MacroVariation.uasset" 719
"C:/CustomOverwatch/Content/StarterContent/Materials/M_Metal_Brushed_Nickel.uasset" 720
"C:/CustomOverwatch/Content/StarterContent/Textures/T_Metal_Aluminum_D.uasset" 721
"C:/CustomOverwatch/Content/StarterContent/Textures/T_Metal_Gold_N.uasset" 722
"C:/CustomOverwatch/Content/StarterContent/Materials/M_Metal_Burnished_Steel.uasset" 723
"C:/CustomOverwatch/Content/StarterContent/Textures/T_Metal_Copper_D.uasset" 724
"C:/CustomOverwatch/Content/StarterContent/Materials/M_Metal_Copper.uasset" 725
"C:/CustomOverwatch/Content/StarterContent/Props/Materials/M_StatueGlass.uasset" 726
"C:/CustomOverwatch/Content/StarterContent/Architecture/Floor_400x400.uasset" 727
"C:/CustomOverwatch/Content/StarterContent/Audio/Starter_Background_Cue.uasset" 728
"C:/CustomOverwatch/Content/StarterContent/Props/SM_Chair.uasset" 729
"C:/CustomOverwatch/Content/StarterContent/Props/SM_Statue.uasset" 730
"C:/CustomOverwatch/Content/StarterContent/Textures/T_TableRound_M.uasset" 731
"C:/CustomOverwatch/Content/StarterContent/Textures/T_TableRound_N.uasset" 732
"C:/CustomOverwatch/Content/StarterContent/Props/Materials/M_TableRound.uasset" 733
"C:/CustomOverwatch/Content/StarterContent/Props/SM_TableRound.uasset" 734
"C:/CustomOverwatch/Content/StarterContent/Maps/Minimal_Default.umap" 735
"C:/CustomOverwatch/Content/StarterContent/Audio/Fire01_Cue.uasset" 736
"C:/CustomOverwatch/Content/StarterContent/Textures/T_Fire_SubUV.uasset" 737
"C:/CustomOverwatch/Content/StarterContent/Textures/T_Fire_Tiled_D.uasset" 738
"C:/CustomOverwatch/Content/StarterContent/Particles/Materials/M_Fire_SubUV.uasset" 739
"C:/CustomOverwatch/Content/StarterContent/Textures/T_Water_N.uasset" 740
"C:/CustomOverwatch/Content/StarterContent/Particles/Materials/M_Heat_Distortion.uasset" 741
"C:/CustomOverwatch/Content/StarterContent/Particles/P_Fire.uasset" 742
"C:/CustomOverwatch/Content/StarterContent/Blueprints/Blueprint_Effect_Fire.uasset" 743
"C:/CustomOverwatch/Content/StarterContent/Audio/Smoke01_Cue.uasset" 744
"C:/CustomOverwatch/Content/StarterContent/Particles/P_Smoke.uasset" 745
"C:/CustomOverwatch/Content/StarterContent/Blueprints/Blueprint_Effect_Smoke.uasset" 746
"C:/CustomOverwatch/Content/StarterContent/Audio/Fire_Sparks01_Cue.uasset" 747
"C:/CustomOverwatch/Content/StarterContent/Blueprints/Blueprint_Effect_Sparks.uasset" 748
"C:/CustomOverwatch/Content/StarterContent/Audio/Steam01_Cue.uasset" 749
"C:/CustomOverwatch/Content/StarterContent/Particles/P_Steam_Lit.uasset" 750
"C:/CustomOverwatch/Content/StarterContent/Blueprints/Blueprint_Effect_Steam.uasset" 751
"C:/CustomOverwatch/Content/StarterContent/Textures/T_Lamp_M.uasset" 752
"C:/CustomOverwatch/Content/StarterContent/Textures/T_Lamp_N.uasset" 753
"C:/CustomOverwatch/Content/StarterContent/Props/Materials/M_Lamp.uasset" 754
"C:/CustomOverwatch/Content/StarterContent/Props/SM_Lamp_Ceiling.uasset" 755
"C:/CustomOverwatch/Content/StarterContent/Blueprints/Blueprint_CeilingLight.uasset" 756
"C:/CustomOverwatch/Content/StarterContent/Props/SM_Lamp_Wall.uasset" 757
"C:/CustomOverwatch/Content/StarterContent/Blueprints/Blueprint_WallSconce.uasset" 758
"C:/CustomOverwatch/Content/StarterContent/Maps/StarterMap_BuiltData.uasset" 759
"../../../Engine/Content/Functions/Engine_MaterialFunctions03/Procedurals/ComputeFilterWidth.uasset" 760
"../../../Engine/Content/EngineMaterials/AntiAliasedTextMaterialTranslucent.uasset" 761
"C:/CustomOverwatch/Content/StarterContent/Textures/T_Brick_Clay_Beveled_D.uasset" 762
"C:/CustomOverwatch/Content/StarterContent/Textures/T_Brick_Clay_Beveled_M.uasset" 763
"C:/CustomOverwatch/Content/StarterContent/Textures/T_Brick_Clay_Beveled_N.uasset" 764
"C:/CustomOverwatch/Content/StarterContent/Materials/M_Brick_Clay_Beveled.uasset" 765
"C:/CustomOverwatch/Content/StarterContent/Textures/T_Brick_Clay_New_D.uasset" 766
"C:/CustomOverwatch/Content/StarterContent/Textures/T_Brick_Clay_New_M.uasset" 767
"C:/CustomOverwatch/Content/StarterContent/Textures/T_Brick_Clay_New_N.uasset" 768
"C:/CustomOverwatch/Content/StarterContent/Materials/M_Brick_Clay_New.uasset" 769
"C:/CustomOverwatch/Content/StarterContent/Textures/T_Brick_Clay_Old_D.uasset" 770
"C:/CustomOverwatch/Content/StarterContent/Textures/T_Brick_Clay_Old_N.uasset" 771
"C:/CustomOverwatch/Content/StarterContent/Textures/T_Perlin_Noise_M.uasset" 772
"C:/CustomOverwatch/Content/StarterContent/Materials/M_Brick_Clay_Old.uasset" 773
"C:/CustomOverwatch/Content/StarterContent/Textures/T_Brick_Cut_Stone_D.uasset" 774
"C:/CustomOverwatch/Content/StarterContent/Textures/T_Brick_Cut_Stone_N.uasset" 775
"C:/CustomOverwatch/Content/StarterContent/Materials/M_Brick_Cut_Stone.uasset" 776
"C:/CustomOverwatch/Content/StarterContent/Textures/T_Brick_Hewn_Stone_D.uasset" 777
"C:/CustomOverwatch/Content/StarterContent/Textures/T_Brick_Hewn_Stone_M.uasset" 778
"C:/CustomOverwatch/Content/StarterContent/Textures/T_Brick_Hewn_Stone_N.uasset" 779
"C:/CustomOverwatch/Content/StarterContent/Materials/M_Brick_Hewn_Stone.uasset" 780
"C:/CustomOverwatch/Content/StarterContent/Textures/T_Ceramic_Tile_M.uasset" 781
"C:/CustomOverwatch/Content/StarterContent/Textures/T_Ceramic_Tile_N.uasset" 782
"C:/CustomOverwatch/Content/StarterContent/Textures/T_Rock_Marble_Polished_D.uasset" 783
"C:/CustomOverwatch/Content/StarterContent/Materials/M_Ceramic_Tile_Checker.uasset" 784
"C:/CustomOverwatch/Content/StarterContent/Textures/T_CobbleStone_Pebble_D.uasset" 785
"C:/CustomOverwatch/Content/StarterContent/Textures/T_CobbleStone_Pebble_M.uasset" 786
"C:/CustomOverwatch/Content/StarterContent/Textures/T_CobbleStone_Pebble_N.uasset" 787
"C:/CustomOverwatch/Content/StarterContent/Materials/M_CobbleStone_Pebble.uasset" 788
"C:/CustomOverwatch/Content/StarterContent/Textures/T_CobbleStone_Rough_D.uasset" 789
"C:/CustomOverwatch/Content/StarterContent/Textures/T_CobbleStone_Rough_N.uasset" 790
"C:/CustomOverwatch/Content/StarterContent/Textures/T_Gradinet_01.uasset" 791
"C:/CustomOverwatch/Content/StarterContent/Textures/T_Rock_Smooth_Granite_D.uasset" 792
"C:/CustomOverwatch/Content/StarterContent/Materials/M_CobbleStone_Rough.uasset" 793
"C:/CustomOverwatch/Content/StarterContent/Textures/T_CobbleStone_Smooth_D.uasset" 794
"C:/CustomOverwatch/Content/StarterContent/Textures/T_CobbleStone_Smooth_M.uasset" 795
"C:/CustomOverwatch/Content/StarterContent/Textures/T_CobbleStone_Smooth_N.uasset" 796
"C:/CustomOverwatch/Content/StarterContent/Materials/M_CobbleStone_Smooth.uasset" 797
"C:/CustomOverwatch/Content/StarterContent/Textures/T_Concrete_Grime_D.uasset" 798
"C:/CustomOverwatch/Content/StarterContent/Textures/T_Metal_Rust_N.uasset" 799
"C:/CustomOverwatch/Content/StarterContent/Materials/M_Concrete_Grime.uasset" 800
"C:/CustomOverwatch/Content/StarterContent/Textures/T_Concrete_Panels_D.uasset" 801
"C:/CustomOverwatch/Content/StarterContent/Textures/T_Concrete_Panels_N.uasset" 802
"C:/CustomOverwatch/Content/StarterContent/Materials/M_Concrete_Panels.uasset" 803
"C:/CustomOverwatch/Content/StarterContent/Textures/T_Concrete_Poured_D.uasset" 804
"C:/CustomOverwatch/Content/StarterContent/Textures/T_Concrete_Poured_N.uasset" 805
"C:/CustomOverwatch/Content/StarterContent/Materials/M_Concrete_Poured.uasset" 806
"C:/CustomOverwatch/Content/StarterContent/Textures/T_Concrete_Tiles_D.uasset" 807
"C:/CustomOverwatch/Content/StarterContent/Textures/T_Concrete_Tiles_M.uasset" 808
"C:/CustomOverwatch/Content/StarterContent/Textures/T_Concrete_Tiles_N.uasset" 809
"C:/CustomOverwatch/Content/StarterContent/Textures/T_Concrete_Tiles_Variation_M.uasset" 810
"C:/CustomOverwatch/Content/StarterContent/Materials/M_Concrete_Tiles.uasset" 811
"C:/CustomOverwatch/Content/StarterContent/Textures/T_Ground_Grass_D.uasset" 812
"C:/CustomOverwatch/Content/StarterContent/Textures/T_Ground_Grass_N.uasset" 813
"C:/CustomOverwatch/Content/StarterContent/Materials/M_Ground_Grass.uasset" 814
"C:/CustomOverwatch/Content/StarterContent/Textures/T_Ground_Gravel_D.uasset" 815
"C:/CustomOverwatch/Content/StarterContent/Textures/T_Ground_Gravel_N.uasset" 816
"C:/CustomOverwatch/Content/StarterContent/Materials/M_Ground_Gravel.uasset" 817
"C:/CustomOverwatch/Content/StarterContent/Textures/T_ground_Moss_D.uasset" 818
"C:/CustomOverwatch/Content/StarterContent/Textures/T_Ground_Moss_N.uasset" 819
"C:/CustomOverwatch/Content/StarterContent/Materials/M_Ground_Moss.uasset" 820
"C:/CustomOverwatch/Content/StarterContent/Materials/M_Metal_Chrome.uasset" 821
"C:/CustomOverwatch/Content/StarterContent/Textures/T_Metal_Gold_D.uasset" 822
"C:/CustomOverwatch/Content/StarterContent/Materials/M_Metal_Gold.uasset" 823
"C:/CustomOverwatch/Content/StarterContent/Textures/T_Metal_Rust_D.uasset" 824
"C:/CustomOverwatch/Content/StarterContent/Materials/M_Metal_Rust.uasset" 825
"C:/CustomOverwatch/Content/StarterContent/Textures/T_Metal_Steel_D.uasset" 826
"C:/CustomOverwatch/Content/StarterContent/Textures/T_Metal_Steel_N.uasset" 827
"C:/CustomOverwatch/Content/StarterContent/Materials/M_Metal_Steel.uasset" 828
"C:/CustomOverwatch/Content/StarterContent/Textures/T_Rock_Basalt_N.uasset" 829
"C:/CustomOverwatch/Content/StarterContent/Materials/M_Rock_Basalt.uasset" 830
"C:/CustomOverwatch/Content/StarterContent/Materials/M_Rock_Marble_Polished.uasset" 831
"C:/CustomOverwatch/Content/StarterContent/Textures/T_Rock_Sandstone_D.uasset" 832
"C:/CustomOverwatch/Content/StarterContent/Textures/T_Rock_Sandstone_N.uasset" 833
"C:/CustomOverwatch/Content/StarterContent/Materials/M_Rock_Sandstone.uasset" 834
"C:/CustomOverwatch/Content/StarterContent/Textures/T_Rock_Slate_D.uasset" 835
"C:/CustomOverwatch/Content/StarterContent/Textures/T_Rock_Slate_N.uasset" 836
"C:/CustomOverwatch/Content/StarterContent/Materials/M_Rock_Slate.uasset" 837
"C:/CustomOverwatch/Content/StarterContent/Textures/T_Checker_Noise_M.uasset" 838
"C:/CustomOverwatch/Content/StarterContent/Textures/T_Single_Tile_N.uasset" 839
"C:/CustomOverwatch/Content/StarterContent/Textures/T_Tech_Dot_M.uasset" 840
"C:/CustomOverwatch/Content/StarterContent/Textures/T_Tech_Dot_N.uasset" 841
"C:/CustomOverwatch/Content/StarterContent/Materials/M_Tech_Checker_Dot.uasset" 842
"C:/CustomOverwatch/Content/StarterContent/Textures/T_Tech_Hex_Tile_M.uasset" 843
"C:/CustomOverwatch/Content/StarterContent/Textures/T_Tech_Hex_Tile_N.uasset" 844
"C:/CustomOverwatch/Content/StarterContent/Materials/M_Tech_Hex_Tile.uasset" 845
"C:/CustomOverwatch/Content/StarterContent/Materials/M_Tech_Hex_Tile_Pulse.uasset" 846
"C:/CustomOverwatch/Content/StarterContent/Textures/T_Tech_Panel_M.uasset" 847
"C:/CustomOverwatch/Content/StarterContent/Textures/T_Tech_Panel_N.uasset" 848
"C:/CustomOverwatch/Content/StarterContent/Materials/M_Tech_Panel.uasset" 849
"C:/CustomOverwatch/Content/StarterContent/Materials/M_Water_Lake.uasset" 850
"C:/CustomOverwatch/Content/StarterContent/Textures/T_Water_M.uasset" 851
"C:/CustomOverwatch/Content/StarterContent/Materials/M_Water_Ocean.uasset" 852
"C:/CustomOverwatch/Content/StarterContent/Textures/T_Wood_Floor_Walnut_D.uasset" 853
"C:/CustomOverwatch/Content/StarterContent/Textures/T_Wood_Floor_Walnut_M.uasset" 854
"C:/CustomOverwatch/Content/StarterContent/Textures/T_Wood_Floor_Walnut_N.uasset" 855
"C:/CustomOverwatch/Content/StarterContent/Materials/M_Wood_Floor_Walnut_Polished.uasset" 856
"../../../Engine/Content/Functions/Engine_MaterialFunctions01/Opacity/AlphaOffset.uasset" 857
"C:/CustomOverwatch/Content/StarterContent/Materials/M_Wood_Floor_Walnut_Worn.uasset" 858
"C:/CustomOverwatch/Content/StarterContent/Textures/T_Wood_Oak_D.uasset" 859
"C:/CustomOverwatch/Content/StarterContent/Textures/T_Wood_Oak_N.uasset" 860
"C:/CustomOverwatch/Content/StarterContent/Materials/M_Wood_Oak.uasset" 861
"C:/CustomOverwatch/Content/StarterContent/Textures/T_Wood_Pine_D.uasset" 862
"C:/CustomOverwatch/Content/StarterContent/Textures/T_Wood_Pine_N.uasset" 863
"C:/CustomOverwatch/Content/StarterContent/Materials/M_Wood_Pine.uasset" 864
"C:/CustomOverwatch/Content/StarterContent/Textures/T_Wood_Walnut_D.uasset" 865
"C:/CustomOverwatch/Content/StarterContent/Textures/T_Wood_Walnut_N.uasset" 866
"C:/CustomOverwatch/Content/StarterContent/Materials/M_Wood_Walnut.uasset" 867
"C:/CustomOverwatch/Content/StarterContent/Architecture/Wall_400x200.uasset" 868
"C:/CustomOverwatch/Content/StarterContent/Architecture/Wall_Door_400x300.uasset" 869
"C:/CustomOverwatch/Content/StarterContent/Architecture/Wall_Window_400x300.uasset" 870
"C:/CustomOverwatch/Content/StarterContent/Audio/Collapse_Cue.uasset" 871
"C:/CustomOverwatch/Content/StarterContent/Audio/Starter_Music_Cue.uasset" 872
"C:/CustomOverwatch/Content/StarterContent/Textures/T_Dust_Particle_D.uasset" 873
"C:/CustomOverwatch/Content/StarterContent/Particles/Materials/M_Dust_Particle.uasset" 874
"C:/CustomOverwatch/Content/StarterContent/Particles/P_Ambient_Dust.uasset" 875
"C:/CustomOverwatch/Content/StarterContent/Props/MaterialSphere.uasset" 876
"C:/CustomOverwatch/Content/StarterContent/Textures/T_Frame_M.uasset" 877
"C:/CustomOverwatch/Content/StarterContent/Textures/T_Frame_N.uasset" 878
"C:/CustomOverwatch/Content/StarterContent/Props/Materials/M_Frame.uasset" 879
"C:/CustomOverwatch/Content/StarterContent/Props/SM_CornerFrame.uasset" 880
"C:/CustomOverwatch/Content/StarterContent/Props/SM_DoorFrame.uasset" 881
"C:/CustomOverwatch/Content/StarterContent/Props/SM_GlassWindow.uasset" 882
"C:/CustomOverwatch/Content/StarterContent/Props/SM_PillarFrame.uasset" 883
"C:/CustomOverwatch/Content/StarterContent/Props/SM_PillarFrame300.uasset" 884
"C:/CustomOverwatch/Content/StarterContent/Props/SM_WindowFrame.uasset" 885
"C:/CustomOverwatch/Content/StarterContent/Shapes/Shape_Cube.uasset" 886
"C:/CustomOverwatch/Content/StarterContent/Shapes/Shape_QuadPyramid.uasset" 887
"C:/CustomOverwatch/Content/StarterContent/Shapes/Shape_Sphere.uasset" 888
"C:/CustomOverwatch/Content/StarterContent/Maps/StarterMap.umap" 889
"../../../Engine/Content/Maps/Entry.umap" 890
